#
# There is insufficient memory for the Java Runtime Environment to continue.
# Native memory allocation (mmap) failed to map 378535936 bytes for Failed to commit area from 0x0000000098e00000 to 0x00000000af700000 of length 378535936.
# Possible reasons:
#   The system is out of physical RAM or swap space
#   The process is running with CompressedOops enabled, and the Java Heap may be blocking the growth of the native heap
# Possible solutions:
#   Reduce memory load on the system
#   Increase physical memory or swap space
#   Check if swap backing store is full
#   Decrease Java heap size (-Xmx/-Xms)
#   Decrease number of Java threads
#   Decrease Java thread stack sizes (-Xss)
#   Set larger code cache with -XX:ReservedCodeCacheSize=
#   JVM is running with Unscaled Compressed Oops mode in which the Java heap is
#     placed in the first 4GB address space. The Java Heap base address is the
#     maximum limit for the native heap growth. Please use -XX:HeapBaseMinAddress
#     to set the Java Heap base and to place the Java Heap above 4GB virtual address.
# This output file may be truncated or incomplete.
#
#  Out of Memory Error (src/hotspot/os/windows/os_windows.cpp:3627), pid=15308, tid=10408
#
# JRE version: OpenJDK Runtime Environment (11.0.15) (build 11.0.15+0-b2043.56-9505619)
# Java VM: OpenJDK 64-Bit Server VM (11.0.15+0-b2043.56-9505619, mixed mode, tiered, compressed oops, g1 gc, windows-amd64)
# No core dump will be written. Minidumps are not enabled by default on client versions of Windows
#

---------------  S U M M A R Y ------------

Command Line: --add-opens=java.base/java.util=ALL-UNNAMED --add-opens=java.base/java.lang=ALL-UNNAMED --add-opens=java.base/java.lang.invoke=ALL-UNNAMED --add-opens=java.base/java.util=ALL-UNNAMED --add-opens=java.prefs/java.util.prefs=ALL-UNNAMED --add-opens=java.prefs/java.util.prefs=ALL-UNNAMED --add-opens=java.base/java.nio.charset=ALL-UNNAMED --add-opens=java.base/java.net=ALL-UNNAMED --add-opens=java.base/java.util.concurrent.atomic=ALL-UNNAMED -Xmx2048m -Dfile.encoding=UTF-8 -Duser.country=ID -Duser.language=en -Duser.variant org.gradle.launcher.daemon.bootstrap.GradleDaemon 7.5

Host: Intel(R) Celeron(R) N4020 CPU @ 1.10GHz, 2 cores, 3G,  Windows 11 , 64 bit Build 22621 (10.0.22621.1485)
Time: Fri May  5 14:50:44 2023 SE Asia Standard Time elapsed time: 5691.154375 seconds (0d 1h 34m 51s)

---------------  T H R E A D  ---------------

Current thread (0x0000028dfb8aa000):  VMThread "VM Thread" [stack: 0x0000008ef1800000,0x0000008ef1900000] [id=10408]

Stack: [0x0000008ef1800000,0x0000008ef1900000]
[error occurred during error reporting (printing stack bounds), id 0xc0000005, EXCEPTION_ACCESS_VIOLATION (0xc0000005) at pc=0x0000028de5d1113d]

Native frames: (J=compiled Java code, j=interpreted, Vv=VM code, C=native code)
V  [jvm.dll+0x64135a]
V  [jvm.dll+0x7d39f9]
V  [jvm.dll+0x7d51b9]
V  [jvm.dll+0x7d5805]
V  [jvm.dll+0x7d57bb]
V  [jvm.dll+0x640655]
V  [jvm.dll+0x640d68]
C  [ntdll.dll+0xa3cff]
C  [ntdll.dll+0x1e456]
C  [ntdll.dll+0xa2cee]
C  0x0000028de5d1113d

VM_Operation (0x0000008ef2bfd640): G1CollectForAllocation, mode: safepoint, requested by thread 0x0000028dfe21f800


---------------  P R O C E S S  ---------------

Threads class SMR info:
_java_thread_list=0x0000028d85998940, length=71, elements={
0x0000028de21ed800, 0x0000028dfb8b2800, 0x0000028dfb8b5800, 0x0000028dfb910800,
0x0000028dfb911800, 0x0000028dfb912800, 0x0000028dfb914000, 0x0000028dfb919800,
0x0000028dfc28b800, 0x0000028dfc371000, 0x0000028dfcfb3000, 0x0000028dfcf12800,
0x0000028dfd9f0800, 0x0000028dfd839000, 0x0000028dfd836800, 0x0000028dfd837000,
0x0000028dfd838000, 0x0000028dfe881800, 0x0000028dfe87f000, 0x0000028dfe87d800,
0x0000028dfe883000, 0x0000028dfe87e000, 0x0000028dfe21e800, 0x0000028dfe21a000,
0x0000028dfe880800, 0x0000028dfe882800, 0x0000028dfe884000, 0x0000028dfe885800,
0x0000028dfe880000, 0x0000028dfe889000, 0x0000028dfe88c000, 0x0000028dfe889800,
0x0000028dfe88b800, 0x0000028d8506c000, 0x0000028d85072000, 0x0000028d85070000,
0x0000028d85071000, 0x0000028d85072800, 0x0000028d85073800, 0x0000028d8506d800,
0x0000028d8506f800, 0x0000028d85074800, 0x0000028d8506e800, 0x0000028d85076000,
0x0000028d85075000, 0x0000028d85077800, 0x0000028d85078800, 0x0000028d85079000,
0x0000028d8507a000, 0x0000028d85076800, 0x0000028dfe216800, 0x0000028dfe211000,
0x0000028dfe213800, 0x0000028dfe211800, 0x0000028dfe212800, 0x0000028dfe218000,
0x0000028dfe214000, 0x0000028dfe219000, 0x0000028dfe217800, 0x0000028dfe21a800,
0x0000028dfe215000, 0x0000028dfe21b800, 0x0000028dfe215800, 0x0000028dfe21c800,
0x0000028dfe21f800, 0x0000028dfe21d000, 0x0000028dfe88a800, 0x0000028dfe887000,
0x0000028d8792d800, 0x0000028d87930800, 0x0000028d87931800
}

Java Threads: ( => current thread )
  0x0000028de21ed800 JavaThread "main" [_thread_blocked, id=5524, stack(0x0000008ef1200000,0x0000008ef1300000)]
  0x0000028dfb8b2800 JavaThread "Reference Handler" daemon [_thread_blocked, id=14896, stack(0x0000008ef1900000,0x0000008ef1a00000)]
  0x0000028dfb8b5800 JavaThread "Finalizer" daemon [_thread_blocked, id=9512, stack(0x0000008ef1a00000,0x0000008ef1b00000)]
  0x0000028dfb910800 JavaThread "Signal Dispatcher" daemon [_thread_blocked, id=7188, stack(0x0000008ef1b00000,0x0000008ef1c00000)]
  0x0000028dfb911800 JavaThread "Attach Listener" daemon [_thread_blocked, id=2220, stack(0x0000008ef1c00000,0x0000008ef1d00000)]
  0x0000028dfb912800 JavaThread "Service Thread" daemon [_thread_blocked, id=9252, stack(0x0000008ef1d00000,0x0000008ef1e00000)]
  0x0000028dfb914000 JavaThread "C2 CompilerThread0" daemon [_thread_blocked, id=8000, stack(0x0000008ef1e00000,0x0000008ef1f00000)]
  0x0000028dfb919800 JavaThread "C1 CompilerThread0" daemon [_thread_blocked, id=10264, stack(0x0000008ef1f00000,0x0000008ef2000000)]
  0x0000028dfc28b800 JavaThread "Sweeper thread" daemon [_thread_blocked, id=14164, stack(0x0000008ef2000000,0x0000008ef2100000)]
  0x0000028dfc371000 JavaThread "Common-Cleaner" daemon [_thread_blocked, id=14228, stack(0x0000008ef2100000,0x0000008ef2200000)]
  0x0000028dfcfb3000 JavaThread "Daemon health stats" [_thread_blocked, id=10544, stack(0x0000008ef2400000,0x0000008ef2500000)]
  0x0000028dfcf12800 JavaThread "Incoming local TCP Connector on port 51972" [_thread_in_native, id=5508, stack(0x0000008ef2500000,0x0000008ef2600000)]
  0x0000028dfd9f0800 JavaThread "Daemon periodic checks" [_thread_blocked, id=12400, stack(0x0000008ef2600000,0x0000008ef2700000)]
  0x0000028dfd839000 JavaThread "Cache worker for journal cache (C:\Users\ASUS\.gradle\caches\journal-1)" [_thread_blocked, id=7916, stack(0x0000008ef2e00000,0x0000008ef2f00000)]
  0x0000028dfd836800 JavaThread "File lock request listener" [_thread_in_native, id=14084, stack(0x0000008ef2f00000,0x0000008ef3000000)]
  0x0000028dfd837000 JavaThread "Cache worker for file hash cache (C:\Users\ASUS\.gradle\caches\7.5\fileHashes)" [_thread_blocked, id=9844, stack(0x0000008ef3000000,0x0000008ef3100000)]
  0x0000028dfd838000 JavaThread "File watcher server" daemon [_thread_in_native, id=8540, stack(0x0000008ef3100000,0x0000008ef3200000)]
  0x0000028dfe881800 JavaThread "File watcher consumer" daemon [_thread_blocked, id=10968, stack(0x0000008ef3200000,0x0000008ef3300000)]
  0x0000028dfe87f000 JavaThread "jar transforms" [_thread_blocked, id=13792, stack(0x0000008ef3300000,0x0000008ef3400000)]
  0x0000028dfe87d800 JavaThread "jar transforms Thread 2" [_thread_blocked, id=3200, stack(0x0000008ef3400000,0x0000008ef3500000)]
  0x0000028dfe883000 JavaThread "Cache worker for file content cache (C:\Users\ASUS\.gradle\caches\7.5\fileContent)" [_thread_blocked, id=12536, stack(0x0000008ef3700000,0x0000008ef3800000)]
  0x0000028dfe87e000 JavaThread "Cache worker for execution history cache (C:\Users\ASUS\.gradle\caches\7.5\executionHistory)" [_thread_blocked, id=13092, stack(0x0000008ef3a00000,0x0000008ef3b00000)]
  0x0000028dfe21e800 JavaThread "Memory manager" [_thread_blocked, id=15080, stack(0x0000008ef5400000,0x0000008ef5500000)]
  0x0000028dfe21a000 JavaThread "pool-3-thread-1" [_thread_blocked, id=11872, stack(0x0000008ef1000000,0x0000008ef1100000)]
  0x0000028dfe880800 JavaThread "pool-6-thread-1" [_thread_blocked, id=1524, stack(0x0000008ef5100000,0x0000008ef5200000)]
  0x0000028dfe882800 JavaThread "Daemon Thread 4" [_thread_blocked, id=15092, stack(0x0000008ef1100000,0x0000008ef1200000)]
  0x0000028dfe884000 JavaThread "Handler for socket connection from /127.0.0.1:51972 to /127.0.0.1:54591" [_thread_in_native, id=9528, stack(0x0000008ef2700000,0x0000008ef2800000)]
  0x0000028dfe885800 JavaThread "Cancel handler" [_thread_blocked, id=15160, stack(0x0000008ef2800000,0x0000008ef2900000)]
  0x0000028dfe880000 JavaThread "Daemon worker Thread 3" [_thread_blocked, id=7524, stack(0x0000008ef2900000,0x0000008ef2a00000)]
  0x0000028dfe889000 JavaThread "Asynchronous log dispatcher for DefaultDaemonConnection: socket connection from /127.0.0.1:51972 to /127.0.0.1:54591" [_thread_blocked, id=8524, stack(0x0000008ef2a00000,0x0000008ef2b00000)]
  0x0000028dfe88c000 JavaThread "Daemon client event forwarder" [_thread_blocked, id=15040, stack(0x0000008ef2c00000,0x0000008ef2d00000)]
  0x0000028dfe889800 JavaThread "Cache worker for checksums cache (D:\UTS_NazraSyifa\.gradle\7.5\checksums)" [_thread_blocked, id=5660, stack(0x0000008ef2d00000,0x0000008ef2e00000)]
  0x0000028dfe88b800 JavaThread "Cache worker for cache directory md-rule (C:\Users\ASUS\.gradle\caches\7.5\md-rule)" [_thread_blocked, id=3184, stack(0x0000008ef3500000,0x0000008ef3600000)]
  0x0000028d8506c000 JavaThread "Cache worker for file hash cache (D:\UTS_NazraSyifa\.gradle\7.5\fileHashes)" [_thread_blocked, id=8600, stack(0x0000008ef3600000,0x0000008ef3700000)]
  0x0000028d85072000 JavaThread "Cache worker for cache directory md-supplier (C:\Users\ASUS\.gradle\caches\7.5\md-supplier)" [_thread_blocked, id=9312, stack(0x0000008ef3800000,0x0000008ef3900000)]
  0x0000028d85070000 JavaThread "Cache worker for dependencies-accessors (D:\UTS_NazraSyifa\.gradle\7.5\dependencies-accessors)" [_thread_blocked, id=2864, stack(0x0000008ef3900000,0x0000008ef3a00000)]
  0x0000028d85071000 JavaThread "Cache worker for Build Output Cleanup Cache (D:\UTS_NazraSyifa\.gradle\buildOutputCleanup)" [_thread_blocked, id=10620, stack(0x0000008ef3b00000,0x0000008ef3c00000)]
  0x0000028d85072800 JavaThread "Unconstrained build operations" [_thread_blocked, id=10840, stack(0x0000008ef3c00000,0x0000008ef3d00000)]
  0x0000028d85073800 JavaThread "Unconstrained build operations Thread 2" [_thread_blocked, id=2776, stack(0x0000008ef3d00000,0x0000008ef3e00000)]
  0x0000028d8506d800 JavaThread "Unconstrained build operations Thread 3" [_thread_blocked, id=6804, stack(0x0000008ef3e00000,0x0000008ef3f00000)]
  0x0000028d8506f800 JavaThread "Unconstrained build operations Thread 4" [_thread_blocked, id=5872, stack(0x0000008ef3f00000,0x0000008ef4000000)]
  0x0000028d85074800 JavaThread "Unconstrained build operations Thread 5" [_thread_blocked, id=6192, stack(0x0000008ef4000000,0x0000008ef4100000)]
  0x0000028d8506e800 JavaThread "Unconstrained build operations Thread 6" [_thread_blocked, id=5728, stack(0x0000008ef4100000,0x0000008ef4200000)]
  0x0000028d85076000 JavaThread "Unconstrained build operations Thread 7" [_thread_blocked, id=11644, stack(0x0000008ef4200000,0x0000008ef4300000)]
  0x0000028d85075000 JavaThread "Unconstrained build operations Thread 8" [_thread_blocked, id=11528, stack(0x0000008ef4300000,0x0000008ef4400000)]
  0x0000028d85077800 JavaThread "Unconstrained build operations Thread 9" [_thread_blocked, id=8232, stack(0x0000008ef4400000,0x0000008ef4500000)]
  0x0000028d85078800 JavaThread "Unconstrained build operations Thread 10" [_thread_blocked, id=11696, stack(0x0000008ef4500000,0x0000008ef4600000)]
  0x0000028d85079000 JavaThread "Unconstrained build operations Thread 11" [_thread_blocked, id=11532, stack(0x0000008ef4600000,0x0000008ef4700000)]
  0x0000028d8507a000 JavaThread "Unconstrained build operations Thread 12" [_thread_blocked, id=3844, stack(0x0000008ef4700000,0x0000008ef4800000)]
  0x0000028d85076800 JavaThread "Unconstrained build operations Thread 13" [_thread_blocked, id=2836, stack(0x0000008ef4800000,0x0000008ef4900000)]
  0x0000028dfe216800 JavaThread "Unconstrained build operations Thread 14" [_thread_blocked, id=6608, stack(0x0000008ef4900000,0x0000008ef4a00000)]
  0x0000028dfe211000 JavaThread "Unconstrained build operations Thread 15" [_thread_blocked, id=2236, stack(0x0000008ef4a00000,0x0000008ef4b00000)]
  0x0000028dfe213800 JavaThread "Unconstrained build operations Thread 16" [_thread_blocked, id=1500, stack(0x0000008ef4b00000,0x0000008ef4c00000)]
  0x0000028dfe211800 JavaThread "Unconstrained build operations Thread 17" [_thread_blocked, id=7600, stack(0x0000008ef4c00000,0x0000008ef4d00000)]
  0x0000028dfe212800 JavaThread "Unconstrained build operations Thread 18" [_thread_blocked, id=10464, stack(0x0000008ef4d00000,0x0000008ef4e00000)]
  0x0000028dfe218000 JavaThread "Unconstrained build operations Thread 19" [_thread_blocked, id=8160, stack(0x0000008ef4e00000,0x0000008ef4f00000)]
  0x0000028dfe214000 JavaThread "Unconstrained build operations Thread 20" [_thread_blocked, id=7320, stack(0x0000008ef4f00000,0x0000008ef5000000)]
  0x0000028dfe219000 JavaThread "build event listener" [_thread_blocked, id=13828, stack(0x0000008ef5000000,0x0000008ef5100000)]
  0x0000028dfe217800 JavaThread "pool-9-thread-1" [_thread_blocked, id=13220, stack(0x0000008ef5200000,0x0000008ef5300000)]
  0x0000028dfe21a800 JavaThread "build event listener" [_thread_blocked, id=8452, stack(0x0000008ef5300000,0x0000008ef5400000)]
  0x0000028dfe215000 JavaThread "included builds" [_thread_blocked, id=4412, stack(0x0000008ef5500000,0x0000008ef5600000)]
  0x0000028dfe21b800 JavaThread "Execution worker" [_thread_blocked, id=14280, stack(0x0000008ef5600000,0x0000008ef5700000)]
  0x0000028dfe215800 JavaThread "Cache worker for execution history cache (D:\UTS_NazraSyifa\.gradle\7.5\executionHistory)" [_thread_blocked, id=1304, stack(0x0000008ef5700000,0x0000008ef5800000)]
  0x0000028dfe21c800 JavaThread "WorkerExecutor Queue Thread 2" [_thread_blocked, id=8840, stack(0x0000008ef5900000,0x0000008ef5a00000)]
  0x0000028dfe21f800 JavaThread "WorkerExecutor Queue Thread 3" [_thread_blocked, id=9416, stack(0x0000008ef2b00000,0x0000008ef2c00000)]
  0x0000028dfe21d000 JavaThread "pool-10-thread-1" [_thread_blocked, id=7840, stack(0x0000008ef5800000,0x0000008ef5900000)]
  0x0000028dfe88a800 JavaThread "stderr" [_thread_in_native, id=11472, stack(0x0000008ef5b00000,0x0000008ef5c00000)]
  0x0000028dfe887000 JavaThread "stdout" [_thread_in_native, id=8424, stack(0x0000008ef5c00000,0x0000008ef5d00000)]
  0x0000028d8792d800 JavaThread "Cache worker for Java compile cache (C:\Users\ASUS\.gradle\caches\7.5\javaCompile)" [_thread_blocked, id=13200, stack(0x0000008ef5d00000,0x0000008ef5e00000)]
  0x0000028d87930800 JavaThread "Build operations" [_thread_blocked, id=2028, stack(0x0000008ef5a00000,0x0000008ef5b00000)]
  0x0000028d87931800 JavaThread "Build operations Thread 2" [_thread_blocked, id=11308, stack(0x0000008ef5e00000,0x0000008ef5f00000)]

Other Threads:
=>0x0000028dfb8aa000 VMThread "VM Thread" [stack: 0x0000008ef1800000,0x0000008ef1900000] [id=10408]
  0x0000028dfc3a3000 WatcherThread [stack: 0x0000008ef2200000,0x0000008ef2300000] [id=4940]
  0x0000028de2206000 GCTaskThread "GC Thread#0" [stack: 0x0000008ef1300000,0x0000008ef1400000] [id=14264]
  0x0000028dfc489000 GCTaskThread "GC Thread#1" [stack: 0x0000008ef2300000,0x0000008ef2400000] [id=12084]
  0x0000028de2237800 ConcurrentGCThread "G1 Main Marker" [stack: 0x0000008ef1400000,0x0000008ef1500000] [id=12972]
  0x0000028de2239000 ConcurrentGCThread "G1 Conc#0" [stack: 0x0000008ef1500000,0x0000008ef1600000] [id=8632]
  0x0000028de228a800 ConcurrentGCThread "G1 Refine#0" [stack: 0x0000008ef1600000,0x0000008ef1700000] [id=6260]
  0x0000028de228c800 ConcurrentGCThread "G1 Young RemSet Sampling" [stack: 0x0000008ef1700000,0x0000008ef1800000] [id=14372]

Threads with active compile tasks:
C2 CompilerThread0  5691380 21658       4       com.android.tools.r8.dex.i::f (49 bytes)

VM state:at safepoint (normal execution)

VM Mutex/Monitor currently owned by a thread:  ([mutex/lock_event])
[0x0000028de21e8330] Threads_lock - owner thread: 0x0000028dfb8aa000
[0x0000028de21e91d0] Heap_lock - owner thread: 0x0000028dfe21f800

Heap address: 0x0000000080000000, size: 2048 MB, Compressed Oops mode: 32-bit
Narrow klass base: 0x0000000000000000, Narrow klass shift: 3
Compressed class space size: 1073741824 Address: 0x0000000100000000

Heap:
 garbage-first heap   total 777216K, used 247485K [0x0000000080000000, 0x0000000100000000)
  region size 1024K, 3 young (3072K), 3 survivors (3072K)
 Metaspace       used 145184K, capacity 148938K, committed 149168K, reserved 1179648K
  class space    used 17825K, capacity 19178K, committed 19200K, reserved 1048576K
Heap Regions: E=young(eden), S=young(survivor), O=old, HS=humongous(starts), HC=humongous(continues), CS=collection set, F=free, A=archive, TAMS=top-at-mark-start (previous, next)
|   0|0x0000000080000000, 0x0000000080100000, 0x0000000080100000|100%| O|  |TAMS 0x0000000080100000, 0x0000000080100000| Untracked 
|   1|0x0000000080100000, 0x0000000080200000, 0x0000000080200000|100%| O|  |TAMS 0x0000000080200000, 0x0000000080200000| Untracked 
|   2|0x0000000080200000, 0x0000000080300000, 0x0000000080300000|100%| O|  |TAMS 0x0000000080300000, 0x0000000080300000| Untracked 
|   3|0x0000000080300000, 0x0000000080400000, 0x0000000080400000|100%| O|  |TAMS 0x0000000080400000, 0x0000000080400000| Untracked 
|   4|0x0000000080400000, 0x0000000080500000, 0x0000000080500000|100%|HS|  |TAMS 0x0000000080500000, 0x0000000080500000| Complete 
|   5|0x0000000080500000, 0x0000000080600000, 0x0000000080600000|100%|HC|  |TAMS 0x0000000080600000, 0x0000000080600000| Complete 
|   6|0x0000000080600000, 0x0000000080700000, 0x0000000080700000|100%|HC|  |TAMS 0x0000000080700000, 0x0000000080700000| Complete 
|   7|0x0000000080700000, 0x0000000080800000, 0x0000000080800000|100%| O|  |TAMS 0x0000000080800000, 0x0000000080800000| Untracked 
|   8|0x0000000080800000, 0x0000000080900000, 0x0000000080900000|100%| O|  |TAMS 0x0000000080900000, 0x0000000080900000| Untracked 
|   9|0x0000000080900000, 0x0000000080a00000, 0x0000000080a00000|100%| O|  |TAMS 0x0000000080a00000, 0x0000000080a00000| Untracked 
|  10|0x0000000080a00000, 0x0000000080b00000, 0x0000000080b00000|100%| O|  |TAMS 0x0000000080b00000, 0x0000000080b00000| Untracked 
|  11|0x0000000080b00000, 0x0000000080c00000, 0x0000000080c00000|100%| O|  |TAMS 0x0000000080c00000, 0x0000000080c00000| Untracked 
|  12|0x0000000080c00000, 0x0000000080d00000, 0x0000000080d00000|100%| O|  |TAMS 0x0000000080d00000, 0x0000000080d00000| Untracked 
|  13|0x0000000080d00000, 0x0000000080e00000, 0x0000000080e00000|100%| O|  |TAMS 0x0000000080e00000, 0x0000000080e00000| Untracked 
|  14|0x0000000080e00000, 0x0000000080f00000, 0x0000000080f00000|100%| O|  |TAMS 0x0000000080f00000, 0x0000000080f00000| Untracked 
|  15|0x0000000080f00000, 0x0000000081000000, 0x0000000081000000|100%| O|  |TAMS 0x0000000081000000, 0x0000000081000000| Untracked 
|  16|0x0000000081000000, 0x0000000081100000, 0x0000000081100000|100%| O|  |TAMS 0x0000000081100000, 0x0000000081100000| Untracked 
|  17|0x0000000081100000, 0x0000000081200000, 0x0000000081200000|100%| O|  |TAMS 0x0000000081200000, 0x0000000081200000| Untracked 
|  18|0x0000000081200000, 0x0000000081300000, 0x0000000081300000|100%|HS|  |TAMS 0x0000000081300000, 0x0000000081300000| Complete 
|  19|0x0000000081300000, 0x0000000081400000, 0x0000000081400000|100%|HC|  |TAMS 0x0000000081400000, 0x0000000081400000| Complete 
|  20|0x0000000081400000, 0x0000000081500000, 0x0000000081500000|100%|HS|  |TAMS 0x0000000081500000, 0x0000000081500000| Complete 
|  21|0x0000000081500000, 0x0000000081600000, 0x0000000081600000|100%|HC|  |TAMS 0x0000000081600000, 0x0000000081600000| Complete 
|  22|0x0000000081600000, 0x0000000081700000, 0x0000000081700000|100%|HC|  |TAMS 0x0000000081700000, 0x0000000081700000| Complete 
|  23|0x0000000081700000, 0x0000000081800000, 0x0000000081800000|100%|HS|  |TAMS 0x0000000081800000, 0x0000000081800000| Complete 
|  24|0x0000000081800000, 0x0000000081900000, 0x0000000081900000|100%|HC|  |TAMS 0x0000000081900000, 0x0000000081900000| Complete 
|  25|0x0000000081900000, 0x0000000081a00000, 0x0000000081a00000|100%| O|  |TAMS 0x0000000081a00000, 0x0000000081a00000| Untracked 
|  26|0x0000000081a00000, 0x0000000081b00000, 0x0000000081b00000|100%| O|  |TAMS 0x0000000081b00000, 0x0000000081b00000| Untracked 
|  27|0x0000000081b00000, 0x0000000081c00000, 0x0000000081c00000|100%|HS|  |TAMS 0x0000000081c00000, 0x0000000081c00000| Complete 
|  28|0x0000000081c00000, 0x0000000081d00000, 0x0000000081d00000|100%|HC|  |TAMS 0x0000000081d00000, 0x0000000081d00000| Complete 
|  29|0x0000000081d00000, 0x0000000081e00000, 0x0000000081e00000|100%|HC|  |TAMS 0x0000000081e00000, 0x0000000081e00000| Complete 
|  30|0x0000000081e00000, 0x0000000081f00000, 0x0000000081f00000|100%|HC|  |TAMS 0x0000000081f00000, 0x0000000081f00000| Complete 
|  31|0x0000000081f00000, 0x0000000082000000, 0x0000000082000000|100%|HC|  |TAMS 0x0000000082000000, 0x0000000082000000| Complete 
|  32|0x0000000082000000, 0x0000000082100000, 0x0000000082100000|100%| O|  |TAMS 0x0000000082100000, 0x0000000082100000| Untracked 
|  33|0x0000000082100000, 0x0000000082200000, 0x0000000082200000|100%|HS|  |TAMS 0x0000000082200000, 0x0000000082200000| Complete 
|  34|0x0000000082200000, 0x0000000082300000, 0x0000000082300000|100%|HC|  |TAMS 0x0000000082300000, 0x0000000082300000| Complete 
|  35|0x0000000082300000, 0x0000000082400000, 0x0000000082400000|100%|HC|  |TAMS 0x0000000082400000, 0x0000000082400000| Complete 
|  36|0x0000000082400000, 0x0000000082500000, 0x0000000082500000|100%|HC|  |TAMS 0x0000000082500000, 0x0000000082500000| Complete 
|  37|0x0000000082500000, 0x0000000082600000, 0x0000000082600000|100%|HC|  |TAMS 0x0000000082600000, 0x0000000082600000| Complete 
|  38|0x0000000082600000, 0x0000000082700000, 0x0000000082700000|100%|HC|  |TAMS 0x0000000082700000, 0x0000000082700000| Complete 
|  39|0x0000000082700000, 0x0000000082800000, 0x0000000082800000|100%|HC|  |TAMS 0x0000000082800000, 0x0000000082800000| Complete 
|  40|0x0000000082800000, 0x0000000082900000, 0x0000000082900000|100%|HC|  |TAMS 0x0000000082900000, 0x0000000082900000| Complete 
|  41|0x0000000082900000, 0x0000000082a00000, 0x0000000082a00000|100%|HC|  |TAMS 0x0000000082a00000, 0x0000000082a00000| Complete 
|  42|0x0000000082a00000, 0x0000000082b00000, 0x0000000082b00000|100%|HC|  |TAMS 0x0000000082b00000, 0x0000000082b00000| Complete 
|  43|0x0000000082b00000, 0x0000000082c00000, 0x0000000082c00000|100%| O|  |TAMS 0x0000000082c00000, 0x0000000082c00000| Untracked 
|  44|0x0000000082c00000, 0x0000000082d00000, 0x0000000082d00000|100%| O|  |TAMS 0x0000000082d00000, 0x0000000082d00000| Untracked 
|  45|0x0000000082d00000, 0x0000000082e00000, 0x0000000082e00000|100%| O|  |TAMS 0x0000000082e00000, 0x0000000082e00000| Untracked 
|  46|0x0000000082e00000, 0x0000000082f00000, 0x0000000082f00000|100%| O|  |TAMS 0x0000000082f00000, 0x0000000082f00000| Untracked 
|  47|0x0000000082f00000, 0x0000000083000000, 0x0000000083000000|100%|HS|  |TAMS 0x0000000083000000, 0x0000000083000000| Complete 
|  48|0x0000000083000000, 0x0000000083100000, 0x0000000083100000|100%|HC|  |TAMS 0x0000000083100000, 0x0000000083100000| Complete 
|  49|0x0000000083100000, 0x0000000083200000, 0x0000000083200000|100%|HS|  |TAMS 0x0000000083200000, 0x0000000083200000| Complete 
|  50|0x0000000083200000, 0x0000000083300000, 0x0000000083300000|100%|HC|  |TAMS 0x0000000083300000, 0x0000000083300000| Complete 
|  51|0x0000000083300000, 0x0000000083400000, 0x0000000083400000|100%|HS|  |TAMS 0x0000000083400000, 0x0000000083400000| Complete 
|  52|0x0000000083400000, 0x0000000083500000, 0x0000000083500000|100%|HC|  |TAMS 0x0000000083500000, 0x0000000083500000| Complete 
|  53|0x0000000083500000, 0x0000000083600000, 0x0000000083600000|100%|HC|  |TAMS 0x0000000083600000, 0x0000000083600000| Complete 
|  54|0x0000000083600000, 0x0000000083700000, 0x0000000083700000|100%|HS|  |TAMS 0x0000000083700000, 0x0000000083700000| Complete 
|  55|0x0000000083700000, 0x0000000083800000, 0x0000000083800000|100%|HC|  |TAMS 0x0000000083800000, 0x0000000083800000| Complete 
|  56|0x0000000083800000, 0x0000000083900000, 0x0000000083900000|100%|HC|  |TAMS 0x0000000083900000, 0x0000000083900000| Complete 
|  57|0x0000000083900000, 0x0000000083a00000, 0x0000000083a00000|100%| O|  |TAMS 0x0000000083a00000, 0x0000000083a00000| Untracked 
|  58|0x0000000083a00000, 0x0000000083b00000, 0x0000000083b00000|100%| O|  |TAMS 0x0000000083b00000, 0x0000000083b00000| Untracked 
|  59|0x0000000083b00000, 0x0000000083c00000, 0x0000000083c00000|100%| O|  |TAMS 0x0000000083c00000, 0x0000000083c00000| Untracked 
|  60|0x0000000083c00000, 0x0000000083d00000, 0x0000000083d00000|100%| O|  |TAMS 0x0000000083d00000, 0x0000000083d00000| Untracked 
|  61|0x0000000083d00000, 0x0000000083e00000, 0x0000000083e00000|100%| O|  |TAMS 0x0000000083e00000, 0x0000000083e00000| Untracked 
|  62|0x0000000083e00000, 0x0000000083f00000, 0x0000000083f00000|100%| O|  |TAMS 0x0000000083f00000, 0x0000000083f00000| Untracked 
|  63|0x0000000083f00000, 0x0000000084000000, 0x0000000084000000|100%| O|  |TAMS 0x0000000084000000, 0x0000000084000000| Untracked 
|  64|0x0000000084000000, 0x0000000084100000, 0x0000000084100000|100%|HS|  |TAMS 0x0000000084100000, 0x0000000084100000| Complete 
|  65|0x0000000084100000, 0x0000000084200000, 0x0000000084200000|100%|HC|  |TAMS 0x0000000084200000, 0x0000000084200000| Complete 
|  66|0x0000000084200000, 0x0000000084300000, 0x0000000084300000|100%|HC|  |TAMS 0x0000000084300000, 0x0000000084300000| Complete 
|  67|0x0000000084300000, 0x0000000084400000, 0x0000000084400000|100%|HS|  |TAMS 0x0000000084400000, 0x0000000084400000| Complete 
|  68|0x0000000084400000, 0x0000000084500000, 0x0000000084500000|100%|HC|  |TAMS 0x0000000084500000, 0x0000000084500000| Complete 
|  69|0x0000000084500000, 0x0000000084600000, 0x0000000084600000|100%|HC|  |TAMS 0x0000000084600000, 0x0000000084600000| Complete 
|  70|0x0000000084600000, 0x0000000084700000, 0x0000000084700000|100%|HC|  |TAMS 0x0000000084700000, 0x0000000084700000| Complete 
|  71|0x0000000084700000, 0x0000000084800000, 0x0000000084800000|100%|HC|  |TAMS 0x0000000084800000, 0x0000000084800000| Complete 
|  72|0x0000000084800000, 0x0000000084900000, 0x0000000084900000|100%|HC|  |TAMS 0x0000000084900000, 0x0000000084900000| Complete 
|  73|0x0000000084900000, 0x0000000084a00000, 0x0000000084a00000|100%|HC|  |TAMS 0x0000000084a00000, 0x0000000084a00000| Complete 
|  74|0x0000000084a00000, 0x0000000084b00000, 0x0000000084b00000|100%|HC|  |TAMS 0x0000000084b00000, 0x0000000084b00000| Complete 
|  75|0x0000000084b00000, 0x0000000084c00000, 0x0000000084c00000|100%|HC|  |TAMS 0x0000000084c00000, 0x0000000084c00000| Complete 
|  76|0x0000000084c00000, 0x0000000084d00000, 0x0000000084d00000|100%|HC|  |TAMS 0x0000000084d00000, 0x0000000084d00000| Complete 
|  77|0x0000000084d00000, 0x0000000084e00000, 0x0000000084e00000|100%|HS|  |TAMS 0x0000000084e00000, 0x0000000084e00000| Complete 
|  78|0x0000000084e00000, 0x0000000084f00000, 0x0000000084f00000|100%|HC|  |TAMS 0x0000000084f00000, 0x0000000084f00000| Complete 
|  79|0x0000000084f00000, 0x0000000085000000, 0x0000000085000000|100%| O|  |TAMS 0x0000000085000000, 0x0000000085000000| Untracked 
|  80|0x0000000085000000, 0x0000000085100000, 0x0000000085100000|100%|HS|  |TAMS 0x0000000085100000, 0x0000000085100000| Complete 
|  81|0x0000000085100000, 0x0000000085200000, 0x0000000085200000|100%|HC|  |TAMS 0x0000000085200000, 0x0000000085200000| Complete 
|  82|0x0000000085200000, 0x0000000085300000, 0x0000000085300000|100%| O|  |TAMS 0x0000000085300000, 0x0000000085300000| Untracked 
|  83|0x0000000085300000, 0x0000000085400000, 0x0000000085400000|100%| O|  |TAMS 0x0000000085400000, 0x0000000085400000| Untracked 
|  84|0x0000000085400000, 0x0000000085500000, 0x0000000085500000|100%|HS|  |TAMS 0x0000000085500000, 0x0000000085500000| Complete 
|  85|0x0000000085500000, 0x0000000085600000, 0x0000000085600000|100%|HC|  |TAMS 0x0000000085600000, 0x0000000085600000| Complete 
|  86|0x0000000085600000, 0x0000000085700000, 0x0000000085700000|100%|HC|  |TAMS 0x0000000085700000, 0x0000000085700000| Complete 
|  87|0x0000000085700000, 0x0000000085800000, 0x0000000085800000|100%| O|  |TAMS 0x0000000085800000, 0x0000000085800000| Untracked 
|  88|0x0000000085800000, 0x0000000085900000, 0x0000000085900000|100%| O|  |TAMS 0x0000000085900000, 0x0000000085900000| Untracked 
|  89|0x0000000085900000, 0x0000000085a00000, 0x0000000085a00000|100%| O|  |TAMS 0x0000000085a00000, 0x0000000085a00000| Untracked 
|  90|0x0000000085a00000, 0x0000000085b00000, 0x0000000085b00000|100%|HS|  |TAMS 0x0000000085b00000, 0x0000000085b00000| Complete 
|  91|0x0000000085b00000, 0x0000000085c00000, 0x0000000085c00000|100%|HC|  |TAMS 0x0000000085c00000, 0x0000000085c00000| Complete 
|  92|0x0000000085c00000, 0x0000000085d00000, 0x0000000085d00000|100%|HC|  |TAMS 0x0000000085d00000, 0x0000000085d00000| Complete 
|  93|0x0000000085d00000, 0x0000000085e00000, 0x0000000085e00000|100%|HC|  |TAMS 0x0000000085e00000, 0x0000000085e00000| Complete 
|  94|0x0000000085e00000, 0x0000000085f00000, 0x0000000085f00000|100%|HC|  |TAMS 0x0000000085f00000, 0x0000000085f00000| Complete 
|  95|0x0000000085f00000, 0x0000000086000000, 0x0000000086000000|100%| O|  |TAMS 0x0000000086000000, 0x0000000086000000| Untracked 
|  96|0x0000000086000000, 0x0000000086100000, 0x0000000086100000|100%| O|  |TAMS 0x0000000086100000, 0x0000000086100000| Untracked 
|  97|0x0000000086100000, 0x0000000086200000, 0x0000000086200000|100%| O|  |TAMS 0x0000000086200000, 0x0000000086200000| Untracked 
|  98|0x0000000086200000, 0x0000000086300000, 0x0000000086300000|100%| O|  |TAMS 0x0000000086300000, 0x0000000086300000| Untracked 
|  99|0x0000000086300000, 0x0000000086400000, 0x0000000086400000|100%| O|  |TAMS 0x0000000086400000, 0x0000000086400000| Untracked 
| 100|0x0000000086400000, 0x0000000086500000, 0x0000000086500000|100%| O|  |TAMS 0x0000000086500000, 0x0000000086500000| Untracked 
| 101|0x0000000086500000, 0x0000000086600000, 0x0000000086600000|100%| O|  |TAMS 0x0000000086600000, 0x0000000086600000| Untracked 
| 102|0x0000000086600000, 0x0000000086700000, 0x0000000086700000|100%| O|  |TAMS 0x0000000086700000, 0x0000000086700000| Untracked 
| 103|0x0000000086700000, 0x0000000086800000, 0x0000000086800000|100%| O|  |TAMS 0x0000000086800000, 0x0000000086800000| Untracked 
| 104|0x0000000086800000, 0x0000000086900000, 0x0000000086900000|100%|HS|  |TAMS 0x0000000086900000, 0x0000000086900000| Complete 
| 105|0x0000000086900000, 0x0000000086a00000, 0x0000000086a00000|100%|HS|  |TAMS 0x0000000086a00000, 0x0000000086a00000| Complete 
| 106|0x0000000086a00000, 0x0000000086b00000, 0x0000000086b00000|100%| O|  |TAMS 0x0000000086b00000, 0x0000000086b00000| Untracked 
| 107|0x0000000086b00000, 0x0000000086c00000, 0x0000000086c00000|100%| O|  |TAMS 0x0000000086c00000, 0x0000000086c00000| Untracked 
| 108|0x0000000086c00000, 0x0000000086d00000, 0x0000000086d00000|100%| O|  |TAMS 0x0000000086d00000, 0x0000000086d00000| Untracked 
| 109|0x0000000086d00000, 0x0000000086e00000, 0x0000000086e00000|100%| O|  |TAMS 0x0000000086e00000, 0x0000000086e00000| Untracked 
| 110|0x0000000086e00000, 0x0000000086f00000, 0x0000000086f00000|100%| O|  |TAMS 0x0000000086f00000, 0x0000000086f00000| Untracked 
| 111|0x0000000086f00000, 0x0000000087000000, 0x0000000087000000|100%| O|  |TAMS 0x0000000087000000, 0x0000000087000000| Untracked 
| 112|0x0000000087000000, 0x0000000087100000, 0x0000000087100000|100%| O|  |TAMS 0x0000000087100000, 0x0000000087100000| Untracked 
| 113|0x0000000087100000, 0x0000000087200000, 0x0000000087200000|100%| O|  |TAMS 0x0000000087200000, 0x0000000087200000| Untracked 
| 114|0x0000000087200000, 0x0000000087300000, 0x0000000087300000|100%| O|  |TAMS 0x0000000087300000, 0x0000000087300000| Untracked 
| 115|0x0000000087300000, 0x0000000087400000, 0x0000000087400000|100%| O|  |TAMS 0x0000000087400000, 0x0000000087400000| Untracked 
| 116|0x0000000087400000, 0x0000000087500000, 0x0000000087500000|100%| O|  |TAMS 0x0000000087500000, 0x0000000087500000| Untracked 
| 117|0x0000000087500000, 0x0000000087600000, 0x0000000087600000|100%| O|  |TAMS 0x0000000087600000, 0x0000000087600000| Untracked 
| 118|0x0000000087600000, 0x0000000087700000, 0x0000000087700000|100%| O|  |TAMS 0x0000000087700000, 0x0000000087700000| Untracked 
| 119|0x0000000087700000, 0x0000000087800000, 0x0000000087800000|100%| O|  |TAMS 0x0000000087800000, 0x0000000087800000| Untracked 
| 120|0x0000000087800000, 0x0000000087900000, 0x0000000087900000|100%| O|  |TAMS 0x0000000087900000, 0x0000000087900000| Untracked 
| 121|0x0000000087900000, 0x0000000087a00000, 0x0000000087a00000|100%| O|  |TAMS 0x0000000087a00000, 0x0000000087a00000| Untracked 
| 122|0x0000000087a00000, 0x0000000087b00000, 0x0000000087b00000|100%| O|  |TAMS 0x0000000087b00000, 0x0000000087b00000| Untracked 
| 123|0x0000000087b00000, 0x0000000087c00000, 0x0000000087c00000|100%| O|  |TAMS 0x0000000087c00000, 0x0000000087c00000| Untracked 
| 124|0x0000000087c00000, 0x0000000087d00000, 0x0000000087d00000|100%| O|  |TAMS 0x0000000087d00000, 0x0000000087d00000| Untracked 
| 125|0x0000000087d00000, 0x0000000087e00000, 0x0000000087e00000|100%| O|  |TAMS 0x0000000087e00000, 0x0000000087e00000| Untracked 
| 126|0x0000000087e00000, 0x0000000087f00000, 0x0000000087f00000|100%| O|  |TAMS 0x0000000087f00000, 0x0000000087f00000| Untracked 
| 127|0x0000000087f00000, 0x0000000088000000, 0x0000000088000000|100%| O|  |TAMS 0x0000000088000000, 0x0000000088000000| Untracked 
| 128|0x0000000088000000, 0x0000000088100000, 0x0000000088100000|100%| O|  |TAMS 0x0000000088100000, 0x0000000088100000| Untracked 
| 129|0x0000000088100000, 0x0000000088200000, 0x0000000088200000|100%| O|  |TAMS 0x0000000088200000, 0x0000000088200000| Untracked 
| 130|0x0000000088200000, 0x0000000088300000, 0x0000000088300000|100%| O|  |TAMS 0x0000000088300000, 0x0000000088300000| Untracked 
| 131|0x0000000088300000, 0x0000000088400000, 0x0000000088400000|100%|HS|  |TAMS 0x0000000088400000, 0x0000000088400000| Complete 
| 132|0x0000000088400000, 0x0000000088500000, 0x0000000088500000|100%|HC|  |TAMS 0x0000000088500000, 0x0000000088500000| Complete 
| 133|0x0000000088500000, 0x0000000088600000, 0x0000000088600000|100%|HS|  |TAMS 0x0000000088600000, 0x0000000088600000| Complete 
| 134|0x0000000088600000, 0x0000000088700000, 0x0000000088700000|100%|HC|  |TAMS 0x0000000088700000, 0x0000000088700000| Complete 
| 135|0x0000000088700000, 0x0000000088800000, 0x0000000088800000|100%|HC|  |TAMS 0x0000000088800000, 0x0000000088800000| Complete 
| 136|0x0000000088800000, 0x0000000088900000, 0x0000000088900000|100%|HC|  |TAMS 0x0000000088900000, 0x0000000088900000| Complete 
| 137|0x0000000088900000, 0x0000000088a00000, 0x0000000088a00000|100%|HC|  |TAMS 0x0000000088a00000, 0x0000000088a00000| Complete 
| 138|0x0000000088a00000, 0x0000000088b00000, 0x0000000088b00000|100%| O|  |TAMS 0x0000000088b00000, 0x0000000088b00000| Untracked 
| 139|0x0000000088b00000, 0x0000000088c00000, 0x0000000088c00000|100%| O|  |TAMS 0x0000000088c00000, 0x0000000088c00000| Untracked 
| 140|0x0000000088c00000, 0x0000000088d00000, 0x0000000088d00000|100%| O|  |TAMS 0x0000000088d00000, 0x0000000088d00000| Untracked 
| 141|0x0000000088d00000, 0x0000000088e00000, 0x0000000088e00000|100%|HS|  |TAMS 0x0000000088e00000, 0x0000000088e00000| Complete 
| 142|0x0000000088e00000, 0x0000000088f00000, 0x0000000088f00000|100%|HC|  |TAMS 0x0000000088f00000, 0x0000000088f00000| Complete 
| 143|0x0000000088f00000, 0x0000000089000000, 0x0000000089000000|100%|HC|  |TAMS 0x0000000089000000, 0x0000000089000000| Complete 
| 144|0x0000000089000000, 0x0000000089100000, 0x0000000089100000|100%|HC|  |TAMS 0x0000000089100000, 0x0000000089100000| Complete 
| 145|0x0000000089100000, 0x0000000089200000, 0x0000000089200000|100%|HC|  |TAMS 0x0000000089200000, 0x0000000089200000| Complete 
| 146|0x0000000089200000, 0x0000000089300000, 0x0000000089300000|100%|HC|  |TAMS 0x0000000089300000, 0x0000000089300000| Complete 
| 147|0x0000000089300000, 0x0000000089400000, 0x0000000089400000|100%|HC|  |TAMS 0x0000000089400000, 0x0000000089400000| Complete 
| 148|0x0000000089400000, 0x0000000089500000, 0x0000000089500000|100%|HC|  |TAMS 0x0000000089500000, 0x0000000089500000| Complete 
| 149|0x0000000089500000, 0x0000000089600000, 0x0000000089600000|100%|HC|  |TAMS 0x0000000089600000, 0x0000000089600000| Complete 
| 150|0x0000000089600000, 0x0000000089700000, 0x0000000089700000|100%|HC|  |TAMS 0x0000000089700000, 0x0000000089700000| Complete 
| 151|0x0000000089700000, 0x0000000089800000, 0x0000000089800000|100%|HS|  |TAMS 0x0000000089800000, 0x0000000089800000| Complete 
| 152|0x0000000089800000, 0x0000000089900000, 0x0000000089900000|100%|HC|  |TAMS 0x0000000089900000, 0x0000000089900000| Complete 
| 153|0x0000000089900000, 0x0000000089a00000, 0x0000000089a00000|100%| O|  |TAMS 0x0000000089a00000, 0x0000000089a00000| Untracked 
| 154|0x0000000089a00000, 0x0000000089b00000, 0x0000000089b00000|100%| O|  |TAMS 0x0000000089b00000, 0x0000000089b00000| Untracked 
| 155|0x0000000089b00000, 0x0000000089c00000, 0x0000000089c00000|100%| O|  |TAMS 0x0000000089c00000, 0x0000000089c00000| Untracked 
| 156|0x0000000089c00000, 0x0000000089d00000, 0x0000000089d00000|100%| O|  |TAMS 0x0000000089d00000, 0x0000000089d00000| Untracked 
| 157|0x0000000089d00000, 0x0000000089e00000, 0x0000000089e00000|100%| O|  |TAMS 0x0000000089e00000, 0x0000000089e00000| Untracked 
| 158|0x0000000089e00000, 0x0000000089f00000, 0x0000000089f00000|100%| O|  |TAMS 0x0000000089f00000, 0x0000000089f00000| Untracked 
| 159|0x0000000089f00000, 0x000000008a000000, 0x000000008a000000|100%| O|  |TAMS 0x000000008a000000, 0x000000008a000000| Untracked 
| 160|0x000000008a000000, 0x000000008a100000, 0x000000008a100000|100%| O|  |TAMS 0x000000008a100000, 0x000000008a100000| Untracked 
| 161|0x000000008a100000, 0x000000008a200000, 0x000000008a200000|100%| O|  |TAMS 0x000000008a200000, 0x000000008a200000| Untracked 
| 162|0x000000008a200000, 0x000000008a300000, 0x000000008a300000|100%| O|  |TAMS 0x000000008a300000, 0x000000008a300000| Untracked 
| 163|0x000000008a300000, 0x000000008a400000, 0x000000008a400000|100%| O|  |TAMS 0x000000008a400000, 0x000000008a400000| Untracked 
| 164|0x000000008a400000, 0x000000008a500000, 0x000000008a500000|100%| O|  |TAMS 0x000000008a500000, 0x000000008a500000| Untracked 
| 165|0x000000008a500000, 0x000000008a600000, 0x000000008a600000|100%| O|  |TAMS 0x000000008a600000, 0x000000008a600000| Untracked 
| 166|0x000000008a600000, 0x000000008a700000, 0x000000008a700000|100%| O|  |TAMS 0x000000008a700000, 0x000000008a700000| Untracked 
| 167|0x000000008a700000, 0x000000008a800000, 0x000000008a800000|100%| O|  |TAMS 0x000000008a800000, 0x000000008a800000| Untracked 
| 168|0x000000008a800000, 0x000000008a900000, 0x000000008a900000|100%| O|  |TAMS 0x000000008a900000, 0x000000008a900000| Untracked 
| 169|0x000000008a900000, 0x000000008aa00000, 0x000000008aa00000|100%| O|  |TAMS 0x000000008aa00000, 0x000000008aa00000| Untracked 
| 170|0x000000008aa00000, 0x000000008ab00000, 0x000000008ab00000|100%| O|  |TAMS 0x000000008ab00000, 0x000000008ab00000| Untracked 
| 171|0x000000008ab00000, 0x000000008ac00000, 0x000000008ac00000|100%| O|  |TAMS 0x000000008ac00000, 0x000000008ac00000| Untracked 
| 172|0x000000008ac00000, 0x000000008ad00000, 0x000000008ad00000|100%| O|  |TAMS 0x000000008ad00000, 0x000000008ad00000| Untracked 
| 173|0x000000008ad00000, 0x000000008ae00000, 0x000000008ae00000|100%| O|  |TAMS 0x000000008ae00000, 0x000000008ae00000| Untracked 
| 174|0x000000008ae00000, 0x000000008af00000, 0x000000008af00000|100%| O|  |TAMS 0x000000008af00000, 0x000000008af00000| Untracked 
| 175|0x000000008af00000, 0x000000008b000000, 0x000000008b000000|100%| O|  |TAMS 0x000000008b000000, 0x000000008b000000| Untracked 
| 176|0x000000008b000000, 0x000000008b100000, 0x000000008b100000|100%| O|  |TAMS 0x000000008b100000, 0x000000008b100000| Untracked 
| 177|0x000000008b100000, 0x000000008b200000, 0x000000008b200000|100%| O|  |TAMS 0x000000008b200000, 0x000000008b200000| Untracked 
| 178|0x000000008b200000, 0x000000008b300000, 0x000000008b300000|100%| O|  |TAMS 0x000000008b300000, 0x000000008b300000| Untracked 
| 179|0x000000008b300000, 0x000000008b400000, 0x000000008b400000|100%| O|  |TAMS 0x000000008b400000, 0x000000008b400000| Untracked 
| 180|0x000000008b400000, 0x000000008b500000, 0x000000008b500000|100%| O|  |TAMS 0x000000008b500000, 0x000000008b500000| Untracked 
| 181|0x000000008b500000, 0x000000008b600000, 0x000000008b600000|100%| O|  |TAMS 0x000000008b600000, 0x000000008b600000| Untracked 
| 182|0x000000008b600000, 0x000000008b700000, 0x000000008b700000|100%| O|  |TAMS 0x000000008b700000, 0x000000008b700000| Untracked 
| 183|0x000000008b700000, 0x000000008b800000, 0x000000008b800000|100%| O|  |TAMS 0x000000008b800000, 0x000000008b800000| Untracked 
| 184|0x000000008b800000, 0x000000008b900000, 0x000000008b900000|100%| O|  |TAMS 0x000000008b900000, 0x000000008b900000| Untracked 
| 185|0x000000008b900000, 0x000000008ba00000, 0x000000008ba00000|100%| O|  |TAMS 0x000000008ba00000, 0x000000008ba00000| Untracked 
| 186|0x000000008ba00000, 0x000000008bb00000, 0x000000008bb00000|100%| O|  |TAMS 0x000000008bb00000, 0x000000008bb00000| Untracked 
| 187|0x000000008bb00000, 0x000000008bc00000, 0x000000008bc00000|100%| O|  |TAMS 0x000000008bc00000, 0x000000008bc00000| Untracked 
| 188|0x000000008bc00000, 0x000000008bd00000, 0x000000008bd00000|100%| O|  |TAMS 0x000000008bd00000, 0x000000008bd00000| Untracked 
| 189|0x000000008bd00000, 0x000000008be00000, 0x000000008be00000|100%| O|  |TAMS 0x000000008be00000, 0x000000008be00000| Untracked 
| 190|0x000000008be00000, 0x000000008bf00000, 0x000000008bf00000|100%|HS|  |TAMS 0x000000008bf00000, 0x000000008bf00000| Complete 
| 191|0x000000008bf00000, 0x000000008c000000, 0x000000008c000000|100%|HS|  |TAMS 0x000000008c000000, 0x000000008c000000| Complete 
| 192|0x000000008c000000, 0x000000008c100000, 0x000000008c100000|100%| O|  |TAMS 0x000000008c100000, 0x000000008c100000| Untracked 
| 193|0x000000008c100000, 0x000000008c200000, 0x000000008c200000|100%|HS|  |TAMS 0x000000008c200000, 0x000000008c200000| Complete 
| 194|0x000000008c200000, 0x000000008c300000, 0x000000008c300000|100%|HC|  |TAMS 0x000000008c300000, 0x000000008c300000| Complete 
| 195|0x000000008c300000, 0x000000008c400000, 0x000000008c400000|100%| O|  |TAMS 0x000000008c400000, 0x000000008c400000| Untracked 
| 196|0x000000008c400000, 0x000000008c500000, 0x000000008c500000|100%| O|  |TAMS 0x000000008c500000, 0x000000008c500000| Untracked 
| 197|0x000000008c500000, 0x000000008c600000, 0x000000008c600000|100%| O|  |TAMS 0x000000008c600000, 0x000000008c600000| Untracked 
| 198|0x000000008c600000, 0x000000008c700000, 0x000000008c700000|100%| O|  |TAMS 0x000000008c700000, 0x000000008c700000| Untracked 
| 199|0x000000008c700000, 0x000000008c800000, 0x000000008c800000|100%| O|  |TAMS 0x000000008c800000, 0x000000008c800000| Untracked 
| 200|0x000000008c800000, 0x000000008c900000, 0x000000008c900000|100%| O|  |TAMS 0x000000008c900000, 0x000000008c900000| Untracked 
| 201|0x000000008c900000, 0x000000008ca00000, 0x000000008ca00000|100%| O|  |TAMS 0x000000008ca00000, 0x000000008ca00000| Untracked 
| 202|0x000000008ca00000, 0x000000008cb00000, 0x000000008cb00000|100%| O|  |TAMS 0x000000008cb00000, 0x000000008cb00000| Untracked 
| 203|0x000000008cb00000, 0x000000008cc00000, 0x000000008cc00000|100%| O|  |TAMS 0x000000008cc00000, 0x000000008cc00000| Untracked 
| 204|0x000000008cc00000, 0x000000008cd00000, 0x000000008cd00000|100%|HS|  |TAMS 0x000000008cd00000, 0x000000008cd00000| Complete 
| 205|0x000000008cd00000, 0x000000008ce00000, 0x000000008ce00000|100%|HC|  |TAMS 0x000000008ce00000, 0x000000008ce00000| Complete 
| 206|0x000000008ce00000, 0x000000008cf00000, 0x000000008cf00000|100%| O|  |TAMS 0x000000008cf00000, 0x000000008cf00000| Untracked 
| 207|0x000000008cf00000, 0x000000008d000000, 0x000000008d000000|100%| O|  |TAMS 0x000000008d000000, 0x000000008d000000| Untracked 
| 208|0x000000008d000000, 0x000000008d100000, 0x000000008d100000|100%|HS|  |TAMS 0x000000008d100000, 0x000000008d100000| Complete 
| 209|0x000000008d100000, 0x000000008d200000, 0x000000008d200000|100%|HC|  |TAMS 0x000000008d200000, 0x000000008d200000| Complete 
| 210|0x000000008d200000, 0x000000008d300000, 0x000000008d300000|100%|HS|  |TAMS 0x000000008d300000, 0x000000008d300000| Complete 
| 211|0x000000008d300000, 0x000000008d400000, 0x000000008d400000|100%|HC|  |TAMS 0x000000008d400000, 0x000000008d400000| Complete 
| 212|0x000000008d400000, 0x000000008d500000, 0x000000008d500000|100%|HC|  |TAMS 0x000000008d500000, 0x000000008d500000| Complete 
| 213|0x000000008d500000, 0x000000008d600000, 0x000000008d600000|100%| O|  |TAMS 0x000000008d500000, 0x000000008d600000| Untracked 
| 214|0x000000008d600000, 0x000000008d700000, 0x000000008d700000|100%| O|  |TAMS 0x000000008d600000, 0x000000008d700000| Untracked 
| 215|0x000000008d700000, 0x000000008d800000, 0x000000008d800000|100%| O|  |TAMS 0x000000008d700000, 0x000000008d800000| Untracked 
| 216|0x000000008d800000, 0x000000008d900000, 0x000000008d900000|100%|HS|  |TAMS 0x000000008d900000, 0x000000008d900000| Complete 
| 217|0x000000008d900000, 0x000000008da00000, 0x000000008da00000|100%|HC|  |TAMS 0x000000008da00000, 0x000000008da00000| Complete 
| 218|0x000000008da00000, 0x000000008db00000, 0x000000008db00000|100%| O|  |TAMS 0x000000008da00000, 0x000000008db00000| Untracked 
| 219|0x000000008db00000, 0x000000008dc00000, 0x000000008dc00000|100%|HS|  |TAMS 0x000000008dc00000, 0x000000008dc00000| Complete 
| 220|0x000000008dc00000, 0x000000008dd00000, 0x000000008dd00000|100%| O|  |TAMS 0x000000008dc00000, 0x000000008dd00000| Untracked 
| 221|0x000000008dd00000, 0x000000008de00000, 0x000000008de00000|100%|HS|  |TAMS 0x000000008de00000, 0x000000008de00000| Complete 
| 222|0x000000008de00000, 0x000000008df00000, 0x000000008df00000|100%|HS|  |TAMS 0x000000008de00000, 0x000000008df00000| Complete 
| 223|0x000000008df00000, 0x000000008e000000, 0x000000008e000000|100%|HC|  |TAMS 0x000000008df00000, 0x000000008e000000| Complete 
| 224|0x000000008e000000, 0x000000008e100000, 0x000000008e100000|100%| O|  |TAMS 0x000000008e000000, 0x000000008e100000| Untracked 
| 225|0x000000008e100000, 0x000000008e200000, 0x000000008e200000|100%|HS|  |TAMS 0x000000008e200000, 0x000000008e200000| Complete 
| 226|0x000000008e200000, 0x000000008e300000, 0x000000008e300000|100%|HC|  |TAMS 0x000000008e300000, 0x000000008e300000| Complete 
| 227|0x000000008e300000, 0x000000008e400000, 0x000000008e400000|100%| O|  |TAMS 0x000000008e400000, 0x000000008e400000| Untracked 
| 228|0x000000008e400000, 0x000000008e500000, 0x000000008e500000|100%| O|  |TAMS 0x000000008e500000, 0x000000008e500000| Untracked 
| 229|0x000000008e500000, 0x000000008e600000, 0x000000008e600000|100%| O|  |TAMS 0x000000008e5a4200, 0x000000008e600000| Untracked 
| 230|0x000000008e600000, 0x000000008e700000, 0x000000008e700000|100%| O|  |TAMS 0x000000008e600000, 0x000000008e700000| Untracked 
| 231|0x000000008e700000, 0x000000008e7af400, 0x000000008e800000| 68%| O|  |TAMS 0x000000008e700000, 0x000000008e7af400| Untracked 
| 232|0x000000008e800000, 0x000000008e800000, 0x000000008e900000|  0%| F|  |TAMS 0x000000008e800000, 0x000000008e800000| Untracked 
| 233|0x000000008e900000, 0x000000008e900000, 0x000000008ea00000|  0%| F|  |TAMS 0x000000008e900000, 0x000000008e900000| Untracked 
| 234|0x000000008ea00000, 0x000000008ea00000, 0x000000008eb00000|  0%| F|  |TAMS 0x000000008ea00000, 0x000000008ea00000| Untracked 
| 235|0x000000008eb00000, 0x000000008ec00000, 0x000000008ec00000|100%|HS|  |TAMS 0x000000008eb00000, 0x000000008ec00000| Complete 
| 236|0x000000008ec00000, 0x000000008ed00000, 0x000000008ed00000|100%|HC|  |TAMS 0x000000008ec00000, 0x000000008ed00000| Complete 
| 237|0x000000008ed00000, 0x000000008ee00000, 0x000000008ee00000|100%|HC|  |TAMS 0x000000008ed00000, 0x000000008ee00000| Complete 
| 238|0x000000008ee00000, 0x000000008ef00000, 0x000000008ef00000|100%| O|  |TAMS 0x000000008ee00000, 0x000000008ef00000| Untracked 
| 239|0x000000008ef00000, 0x000000008f000000, 0x000000008f000000|100%| O|  |TAMS 0x000000008ef00000, 0x000000008f000000| Untracked 
| 240|0x000000008f000000, 0x000000008f100000, 0x000000008f100000|100%| O|  |TAMS 0x000000008f000000, 0x000000008f100000| Untracked 
| 241|0x000000008f100000, 0x000000008f200000, 0x000000008f200000|100%| O|  |TAMS 0x000000008f100000, 0x000000008f200000| Untracked 
| 242|0x000000008f200000, 0x000000008f200000, 0x000000008f300000|  0%| F|  |TAMS 0x000000008f200000, 0x000000008f200000| Untracked 
| 243|0x000000008f300000, 0x000000008f300000, 0x000000008f400000|  0%| F|  |TAMS 0x000000008f300000, 0x000000008f300000| Untracked 
| 244|0x000000008f400000, 0x000000008f400000, 0x000000008f500000|  0%| F|  |TAMS 0x000000008f400000, 0x000000008f400000| Untracked 
| 245|0x000000008f500000, 0x000000008f500000, 0x000000008f600000|  0%| F|  |TAMS 0x000000008f500000, 0x000000008f500000| Untracked 
| 246|0x000000008f600000, 0x000000008f600000, 0x000000008f700000|  0%| F|  |TAMS 0x000000008f600000, 0x000000008f600000| Untracked 
| 247|0x000000008f700000, 0x000000008f700000, 0x000000008f800000|  0%| F|  |TAMS 0x000000008f700000, 0x000000008f700000| Untracked 
| 248|0x000000008f800000, 0x000000008f800000, 0x000000008f900000|  0%| F|  |TAMS 0x000000008f800000, 0x000000008f800000| Untracked 
| 249|0x000000008f900000, 0x000000008f900000, 0x000000008fa00000|  0%| F|  |TAMS 0x000000008f900000, 0x000000008f900000| Untracked 
| 250|0x000000008fa00000, 0x000000008fa00000, 0x000000008fb00000|  0%| F|  |TAMS 0x000000008fa00000, 0x000000008fa00000| Untracked 
| 251|0x000000008fb00000, 0x000000008fb00000, 0x000000008fc00000|  0%| F|  |TAMS 0x000000008fb00000, 0x000000008fb00000| Untracked 
| 252|0x000000008fc00000, 0x000000008fc00000, 0x000000008fd00000|  0%| F|  |TAMS 0x000000008fc00000, 0x000000008fc00000| Untracked 
| 253|0x000000008fd00000, 0x000000008fd00000, 0x000000008fe00000|  0%| F|  |TAMS 0x000000008fd00000, 0x000000008fd00000| Untracked 
| 254|0x000000008fe00000, 0x000000008fe00000, 0x000000008ff00000|  0%| F|  |TAMS 0x000000008fe00000, 0x000000008fe00000| Untracked 
| 255|0x000000008ff00000, 0x000000008ff00000, 0x0000000090000000|  0%| F|  |TAMS 0x000000008ff00000, 0x000000008ff00000| Untracked 
| 256|0x0000000090000000, 0x0000000090000000, 0x0000000090100000|  0%| F|  |TAMS 0x0000000090000000, 0x0000000090000000| Untracked 
| 257|0x0000000090100000, 0x0000000090100000, 0x0000000090200000|  0%| F|  |TAMS 0x0000000090100000, 0x0000000090100000| Untracked 
| 258|0x0000000090200000, 0x0000000090200000, 0x0000000090300000|  0%| F|  |TAMS 0x0000000090200000, 0x0000000090200000| Untracked 
| 259|0x0000000090300000, 0x0000000090300000, 0x0000000090400000|  0%| F|  |TAMS 0x0000000090300000, 0x0000000090300000| Untracked 
| 260|0x0000000090400000, 0x0000000090400000, 0x0000000090500000|  0%| F|  |TAMS 0x0000000090400000, 0x0000000090400000| Untracked 
| 261|0x0000000090500000, 0x0000000090500000, 0x0000000090600000|  0%| F|  |TAMS 0x0000000090500000, 0x0000000090500000| Untracked 
| 262|0x0000000090600000, 0x0000000090600000, 0x0000000090700000|  0%| F|  |TAMS 0x0000000090600000, 0x0000000090600000| Untracked 
| 263|0x0000000090700000, 0x0000000090700000, 0x0000000090800000|  0%| F|  |TAMS 0x0000000090700000, 0x0000000090700000| Untracked 
| 264|0x0000000090800000, 0x0000000090800000, 0x0000000090900000|  0%| F|  |TAMS 0x0000000090800000, 0x0000000090800000| Untracked 
| 265|0x0000000090900000, 0x0000000090900000, 0x0000000090a00000|  0%| F|  |TAMS 0x0000000090900000, 0x0000000090900000| Untracked 
| 266|0x0000000090a00000, 0x0000000090a00000, 0x0000000090b00000|  0%| F|  |TAMS 0x0000000090a00000, 0x0000000090a00000| Untracked 
| 267|0x0000000090b00000, 0x0000000090b00000, 0x0000000090c00000|  0%| F|  |TAMS 0x0000000090b00000, 0x0000000090b00000| Untracked 
| 268|0x0000000090c00000, 0x0000000090c00000, 0x0000000090d00000|  0%| F|  |TAMS 0x0000000090c00000, 0x0000000090c00000| Untracked 
| 269|0x0000000090d00000, 0x0000000090d00000, 0x0000000090e00000|  0%| F|  |TAMS 0x0000000090d00000, 0x0000000090d00000| Untracked 
| 270|0x0000000090e00000, 0x0000000090e00000, 0x0000000090f00000|  0%| F|  |TAMS 0x0000000090e00000, 0x0000000090e00000| Untracked 
| 271|0x0000000090f00000, 0x0000000090f00000, 0x0000000091000000|  0%| F|  |TAMS 0x0000000090f00000, 0x0000000090f00000| Untracked 
| 272|0x0000000091000000, 0x0000000091000000, 0x0000000091100000|  0%| F|  |TAMS 0x0000000091000000, 0x0000000091000000| Untracked 
| 273|0x0000000091100000, 0x0000000091100000, 0x0000000091200000|  0%| F|  |TAMS 0x0000000091100000, 0x0000000091100000| Untracked 
| 274|0x0000000091200000, 0x0000000091200000, 0x0000000091300000|  0%| F|  |TAMS 0x0000000091200000, 0x0000000091200000| Untracked 
| 275|0x0000000091300000, 0x0000000091300000, 0x0000000091400000|  0%| F|  |TAMS 0x0000000091300000, 0x0000000091300000| Untracked 
| 276|0x0000000091400000, 0x0000000091400000, 0x0000000091500000|  0%| F|  |TAMS 0x0000000091400000, 0x0000000091400000| Untracked 
| 277|0x0000000091500000, 0x0000000091500000, 0x0000000091600000|  0%| F|  |TAMS 0x0000000091500000, 0x0000000091500000| Untracked 
| 278|0x0000000091600000, 0x0000000091600000, 0x0000000091700000|  0%| F|  |TAMS 0x0000000091600000, 0x0000000091600000| Untracked 
| 279|0x0000000091700000, 0x0000000091700000, 0x0000000091800000|  0%| F|  |TAMS 0x0000000091700000, 0x0000000091700000| Untracked 
| 280|0x0000000091800000, 0x0000000091800000, 0x0000000091900000|  0%| F|  |TAMS 0x0000000091800000, 0x0000000091800000| Untracked 
| 281|0x0000000091900000, 0x0000000091900000, 0x0000000091a00000|  0%| F|  |TAMS 0x0000000091900000, 0x0000000091900000| Untracked 
| 282|0x0000000091a00000, 0x0000000091a00000, 0x0000000091b00000|  0%| F|  |TAMS 0x0000000091a00000, 0x0000000091a00000| Untracked 
| 283|0x0000000091b00000, 0x0000000091b00000, 0x0000000091c00000|  0%| F|  |TAMS 0x0000000091b00000, 0x0000000091b00000| Untracked 
| 284|0x0000000091c00000, 0x0000000091c00000, 0x0000000091d00000|  0%| F|  |TAMS 0x0000000091c00000, 0x0000000091c00000| Untracked 
| 285|0x0000000091d00000, 0x0000000091d00000, 0x0000000091e00000|  0%| F|  |TAMS 0x0000000091d00000, 0x0000000091d00000| Untracked 
| 286|0x0000000091e00000, 0x0000000091e00000, 0x0000000091f00000|  0%| F|  |TAMS 0x0000000091e00000, 0x0000000091e00000| Untracked 
| 287|0x0000000091f00000, 0x0000000091f00000, 0x0000000092000000|  0%| F|  |TAMS 0x0000000091f00000, 0x0000000091f00000| Untracked 
| 288|0x0000000092000000, 0x0000000092000000, 0x0000000092100000|  0%| F|  |TAMS 0x0000000092000000, 0x0000000092000000| Untracked 
| 289|0x0000000092100000, 0x0000000092100000, 0x0000000092200000|  0%| F|  |TAMS 0x0000000092100000, 0x0000000092100000| Untracked 
| 290|0x0000000092200000, 0x0000000092200000, 0x0000000092300000|  0%| F|  |TAMS 0x0000000092200000, 0x0000000092200000| Untracked 
| 291|0x0000000092300000, 0x0000000092300000, 0x0000000092400000|  0%| F|  |TAMS 0x0000000092300000, 0x0000000092300000| Untracked 
| 292|0x0000000092400000, 0x0000000092400000, 0x0000000092500000|  0%| F|  |TAMS 0x0000000092400000, 0x0000000092400000| Untracked 
| 293|0x0000000092500000, 0x0000000092500000, 0x0000000092600000|  0%| F|  |TAMS 0x0000000092500000, 0x0000000092500000| Untracked 
| 294|0x0000000092600000, 0x0000000092600000, 0x0000000092700000|  0%| F|  |TAMS 0x0000000092600000, 0x0000000092600000| Untracked 
| 295|0x0000000092700000, 0x0000000092700000, 0x0000000092800000|  0%| F|  |TAMS 0x0000000092700000, 0x0000000092700000| Untracked 
| 296|0x0000000092800000, 0x0000000092800000, 0x0000000092900000|  0%| F|  |TAMS 0x0000000092800000, 0x0000000092800000| Untracked 
| 297|0x0000000092900000, 0x0000000092900000, 0x0000000092a00000|  0%| F|  |TAMS 0x0000000092900000, 0x0000000092900000| Untracked 
| 298|0x0000000092a00000, 0x0000000092a00000, 0x0000000092b00000|  0%| F|  |TAMS 0x0000000092a00000, 0x0000000092a00000| Untracked 
| 299|0x0000000092b00000, 0x0000000092b00000, 0x0000000092c00000|  0%| F|  |TAMS 0x0000000092b00000, 0x0000000092b00000| Untracked 
| 300|0x0000000092c00000, 0x0000000092c00000, 0x0000000092d00000|  0%| F|  |TAMS 0x0000000092c00000, 0x0000000092c00000| Untracked 
| 301|0x0000000092d00000, 0x0000000092d00000, 0x0000000092e00000|  0%| F|  |TAMS 0x0000000092d00000, 0x0000000092d00000| Untracked 
| 302|0x0000000092e00000, 0x0000000092e00000, 0x0000000092f00000|  0%| F|  |TAMS 0x0000000092e00000, 0x0000000092e00000| Untracked 
| 303|0x0000000092f00000, 0x0000000092f00000, 0x0000000093000000|  0%| F|  |TAMS 0x0000000092f00000, 0x0000000092f00000| Untracked 
| 304|0x0000000093000000, 0x0000000093000000, 0x0000000093100000|  0%| F|  |TAMS 0x0000000093000000, 0x0000000093000000| Untracked 
| 305|0x0000000093100000, 0x0000000093100000, 0x0000000093200000|  0%| F|  |TAMS 0x0000000093100000, 0x0000000093100000| Untracked 
| 306|0x0000000093200000, 0x0000000093200000, 0x0000000093300000|  0%| F|  |TAMS 0x0000000093200000, 0x0000000093200000| Untracked 
| 307|0x0000000093300000, 0x0000000093300000, 0x0000000093400000|  0%| F|  |TAMS 0x0000000093300000, 0x0000000093300000| Untracked 
| 308|0x0000000093400000, 0x0000000093400000, 0x0000000093500000|  0%| F|  |TAMS 0x0000000093400000, 0x0000000093400000| Untracked 
| 309|0x0000000093500000, 0x0000000093500000, 0x0000000093600000|  0%| F|  |TAMS 0x0000000093500000, 0x0000000093500000| Untracked 
| 310|0x0000000093600000, 0x0000000093600000, 0x0000000093700000|  0%| F|  |TAMS 0x0000000093600000, 0x0000000093600000| Untracked 
| 311|0x0000000093700000, 0x0000000093700000, 0x0000000093800000|  0%| F|  |TAMS 0x0000000093700000, 0x0000000093700000| Untracked 
| 312|0x0000000093800000, 0x0000000093800000, 0x0000000093900000|  0%| F|  |TAMS 0x0000000093800000, 0x0000000093800000| Untracked 
| 313|0x0000000093900000, 0x0000000093900000, 0x0000000093a00000|  0%| F|  |TAMS 0x0000000093900000, 0x0000000093900000| Untracked 
| 314|0x0000000093a00000, 0x0000000093a00000, 0x0000000093b00000|  0%| F|  |TAMS 0x0000000093a00000, 0x0000000093a00000| Untracked 
| 315|0x0000000093b00000, 0x0000000093b00000, 0x0000000093c00000|  0%| F|  |TAMS 0x0000000093b00000, 0x0000000093b00000| Untracked 
| 316|0x0000000093c00000, 0x0000000093c00000, 0x0000000093d00000|  0%| F|  |TAMS 0x0000000093c00000, 0x0000000093c00000| Untracked 
| 317|0x0000000093d00000, 0x0000000093d00000, 0x0000000093e00000|  0%| F|  |TAMS 0x0000000093d00000, 0x0000000093d00000| Untracked 
| 318|0x0000000093e00000, 0x0000000093e00000, 0x0000000093f00000|  0%| F|  |TAMS 0x0000000093e00000, 0x0000000093e00000| Untracked 
| 319|0x0000000093f00000, 0x0000000093f00000, 0x0000000094000000|  0%| F|  |TAMS 0x0000000093f00000, 0x0000000093f00000| Untracked 
| 320|0x0000000094000000, 0x0000000094000000, 0x0000000094100000|  0%| F|  |TAMS 0x0000000094000000, 0x0000000094000000| Untracked 
| 321|0x0000000094100000, 0x0000000094100000, 0x0000000094200000|  0%| F|  |TAMS 0x0000000094100000, 0x0000000094100000| Untracked 
| 322|0x0000000094200000, 0x0000000094200000, 0x0000000094300000|  0%| F|  |TAMS 0x0000000094200000, 0x0000000094200000| Untracked 
| 323|0x0000000094300000, 0x0000000094300000, 0x0000000094400000|  0%| F|  |TAMS 0x0000000094300000, 0x0000000094300000| Untracked 
| 324|0x0000000094400000, 0x0000000094400000, 0x0000000094500000|  0%| F|  |TAMS 0x0000000094400000, 0x0000000094400000| Untracked 
| 325|0x0000000094500000, 0x0000000094500000, 0x0000000094600000|  0%| F|  |TAMS 0x0000000094500000, 0x0000000094500000| Untracked 
| 326|0x0000000094600000, 0x0000000094600000, 0x0000000094700000|  0%| F|  |TAMS 0x0000000094600000, 0x0000000094600000| Untracked 
| 327|0x0000000094700000, 0x0000000094700000, 0x0000000094800000|  0%| F|  |TAMS 0x0000000094700000, 0x0000000094700000| Untracked 
| 328|0x0000000094800000, 0x0000000094800000, 0x0000000094900000|  0%| F|  |TAMS 0x0000000094800000, 0x0000000094800000| Untracked 
| 329|0x0000000094900000, 0x0000000094900000, 0x0000000094a00000|  0%| F|  |TAMS 0x0000000094900000, 0x0000000094900000| Untracked 
| 330|0x0000000094a00000, 0x0000000094a00000, 0x0000000094b00000|  0%| F|  |TAMS 0x0000000094a00000, 0x0000000094a00000| Untracked 
| 331|0x0000000094b00000, 0x0000000094b00000, 0x0000000094c00000|  0%| F|  |TAMS 0x0000000094b00000, 0x0000000094b00000| Untracked 
| 332|0x0000000094c00000, 0x0000000094c00000, 0x0000000094d00000|  0%| F|  |TAMS 0x0000000094c00000, 0x0000000094c00000| Untracked 
| 333|0x0000000094d00000, 0x0000000094d00000, 0x0000000094e00000|  0%| F|  |TAMS 0x0000000094d00000, 0x0000000094d00000| Untracked 
| 334|0x0000000094e00000, 0x0000000094e00000, 0x0000000094f00000|  0%| F|  |TAMS 0x0000000094e00000, 0x0000000094e00000| Untracked 
| 335|0x0000000094f00000, 0x0000000094f00000, 0x0000000095000000|  0%| F|  |TAMS 0x0000000094f00000, 0x0000000094f00000| Untracked 
| 336|0x0000000095000000, 0x0000000095000000, 0x0000000095100000|  0%| F|  |TAMS 0x0000000095000000, 0x0000000095000000| Untracked 
| 337|0x0000000095100000, 0x0000000095100000, 0x0000000095200000|  0%| F|  |TAMS 0x0000000095100000, 0x0000000095100000| Untracked 
| 338|0x0000000095200000, 0x0000000095200000, 0x0000000095300000|  0%| F|  |TAMS 0x0000000095200000, 0x0000000095200000| Untracked 
| 339|0x0000000095300000, 0x0000000095300000, 0x0000000095400000|  0%| F|  |TAMS 0x0000000095300000, 0x0000000095300000| Untracked 
| 340|0x0000000095400000, 0x0000000095400000, 0x0000000095500000|  0%| F|  |TAMS 0x0000000095400000, 0x0000000095400000| Untracked 
| 341|0x0000000095500000, 0x0000000095500000, 0x0000000095600000|  0%| F|  |TAMS 0x0000000095500000, 0x0000000095500000| Untracked 
| 342|0x0000000095600000, 0x0000000095600000, 0x0000000095700000|  0%| F|  |TAMS 0x0000000095600000, 0x0000000095600000| Untracked 
| 343|0x0000000095700000, 0x0000000095700000, 0x0000000095800000|  0%| F|  |TAMS 0x0000000095700000, 0x0000000095700000| Untracked 
| 344|0x0000000095800000, 0x0000000095800000, 0x0000000095900000|  0%| F|  |TAMS 0x0000000095800000, 0x0000000095800000| Untracked 
| 345|0x0000000095900000, 0x0000000095900000, 0x0000000095a00000|  0%| F|  |TAMS 0x0000000095900000, 0x0000000095900000| Untracked 
| 346|0x0000000095a00000, 0x0000000095a00000, 0x0000000095b00000|  0%| F|  |TAMS 0x0000000095a00000, 0x0000000095a00000| Untracked 
| 347|0x0000000095b00000, 0x0000000095b00000, 0x0000000095c00000|  0%| F|  |TAMS 0x0000000095b00000, 0x0000000095b00000| Untracked 
| 348|0x0000000095c00000, 0x0000000095c00000, 0x0000000095d00000|  0%| F|  |TAMS 0x0000000095c00000, 0x0000000095c00000| Untracked 
| 349|0x0000000095d00000, 0x0000000095d00000, 0x0000000095e00000|  0%| F|  |TAMS 0x0000000095d00000, 0x0000000095d00000| Untracked 
| 350|0x0000000095e00000, 0x0000000095e00000, 0x0000000095f00000|  0%| F|  |TAMS 0x0000000095e00000, 0x0000000095e00000| Untracked 
| 351|0x0000000095f00000, 0x0000000095f00000, 0x0000000096000000|  0%| F|  |TAMS 0x0000000095f00000, 0x0000000095f00000| Untracked 
| 352|0x0000000096000000, 0x0000000096000000, 0x0000000096100000|  0%| F|  |TAMS 0x0000000096000000, 0x0000000096000000| Untracked 
| 353|0x0000000096100000, 0x0000000096100000, 0x0000000096200000|  0%| F|  |TAMS 0x0000000096100000, 0x0000000096100000| Untracked 
| 354|0x0000000096200000, 0x0000000096200000, 0x0000000096300000|  0%| F|  |TAMS 0x0000000096200000, 0x0000000096200000| Untracked 
| 355|0x0000000096300000, 0x0000000096300000, 0x0000000096400000|  0%| F|  |TAMS 0x0000000096300000, 0x0000000096300000| Untracked 
| 356|0x0000000096400000, 0x0000000096400000, 0x0000000096500000|  0%| F|  |TAMS 0x0000000096400000, 0x0000000096400000| Untracked 
| 357|0x0000000096500000, 0x0000000096500000, 0x0000000096600000|  0%| F|  |TAMS 0x0000000096500000, 0x0000000096500000| Untracked 
| 358|0x0000000096600000, 0x0000000096600000, 0x0000000096700000|  0%| F|  |TAMS 0x0000000096600000, 0x0000000096600000| Untracked 
| 359|0x0000000096700000, 0x0000000096700000, 0x0000000096800000|  0%| F|  |TAMS 0x0000000096700000, 0x0000000096700000| Untracked 
| 360|0x0000000096800000, 0x0000000096800000, 0x0000000096900000|  0%| F|  |TAMS 0x0000000096800000, 0x0000000096800000| Untracked 
| 361|0x0000000096900000, 0x0000000096900000, 0x0000000096a00000|  0%| F|  |TAMS 0x0000000096900000, 0x0000000096900000| Untracked 
| 362|0x0000000096a00000, 0x0000000096a00000, 0x0000000096b00000|  0%| F|  |TAMS 0x0000000096a00000, 0x0000000096a00000| Untracked 
| 363|0x0000000096b00000, 0x0000000096b00000, 0x0000000096c00000|  0%| F|  |TAMS 0x0000000096b00000, 0x0000000096b00000| Untracked 
| 364|0x0000000096c00000, 0x0000000096c00000, 0x0000000096d00000|  0%| F|  |TAMS 0x0000000096c00000, 0x0000000096c00000| Untracked 
| 365|0x0000000096d00000, 0x0000000096d00000, 0x0000000096e00000|  0%| F|  |TAMS 0x0000000096d00000, 0x0000000096d00000| Untracked 
| 366|0x0000000096e00000, 0x0000000096e00000, 0x0000000096f00000|  0%| F|  |TAMS 0x0000000096e00000, 0x0000000096e00000| Untracked 
| 367|0x0000000096f00000, 0x0000000096f00000, 0x0000000097000000|  0%| F|  |TAMS 0x0000000096f00000, 0x0000000096f00000| Untracked 
| 368|0x0000000097000000, 0x0000000097000000, 0x0000000097100000|  0%| F|  |TAMS 0x0000000097000000, 0x0000000097000000| Untracked 
| 369|0x0000000097100000, 0x0000000097100000, 0x0000000097200000|  0%| F|  |TAMS 0x0000000097100000, 0x0000000097100000| Untracked 
| 370|0x0000000097200000, 0x0000000097200000, 0x0000000097300000|  0%| F|  |TAMS 0x0000000097200000, 0x0000000097200000| Untracked 
| 371|0x0000000097300000, 0x0000000097300000, 0x0000000097400000|  0%| F|  |TAMS 0x0000000097300000, 0x0000000097300000| Untracked 
| 372|0x0000000097400000, 0x0000000097400000, 0x0000000097500000|  0%| F|  |TAMS 0x0000000097400000, 0x0000000097400000| Untracked 
| 373|0x0000000097500000, 0x0000000097500000, 0x0000000097600000|  0%| F|  |TAMS 0x0000000097500000, 0x0000000097500000| Untracked 
| 374|0x0000000097600000, 0x0000000097600000, 0x0000000097700000|  0%| F|  |TAMS 0x0000000097600000, 0x0000000097600000| Untracked 
| 375|0x0000000097700000, 0x0000000097700000, 0x0000000097800000|  0%| F|  |TAMS 0x0000000097700000, 0x0000000097700000| Untracked 
| 376|0x0000000097800000, 0x0000000097800000, 0x0000000097900000|  0%| F|  |TAMS 0x0000000097800000, 0x0000000097800000| Untracked 
| 377|0x0000000097900000, 0x0000000097900000, 0x0000000097a00000|  0%| F|  |TAMS 0x0000000097900000, 0x0000000097900000| Untracked 
| 378|0x0000000097a00000, 0x0000000097a00000, 0x0000000097b00000|  0%| F|  |TAMS 0x0000000097a00000, 0x0000000097a00000| Untracked 
| 379|0x0000000097b00000, 0x0000000097c00000, 0x0000000097c00000|100%| S|CS|TAMS 0x0000000097b00000, 0x0000000097b00000| Complete 
| 380|0x0000000097c00000, 0x0000000097d00000, 0x0000000097d00000|100%| S|CS|TAMS 0x0000000097c00000, 0x0000000097c00000| Complete 
| 381|0x0000000097d00000, 0x0000000097e00000, 0x0000000097e00000|100%| S|CS|TAMS 0x0000000097d00000, 0x0000000097d00000| Complete 
| 382|0x0000000097e00000, 0x0000000097e00000, 0x0000000097f00000|  0%| F|  |TAMS 0x0000000097e00000, 0x0000000097e00000| Untracked 
| 383|0x0000000097f00000, 0x0000000097f00000, 0x0000000098000000|  0%| F|  |TAMS 0x0000000097f00000, 0x0000000097f00000| Untracked 
| 384|0x0000000098000000, 0x0000000098000000, 0x0000000098100000|  0%| F|  |TAMS 0x0000000098000000, 0x0000000098000000| Untracked 
| 385|0x0000000098100000, 0x0000000098100000, 0x0000000098200000|  0%| F|  |TAMS 0x0000000098100000, 0x0000000098100000| Untracked 
| 386|0x0000000098200000, 0x0000000098200000, 0x0000000098300000|  0%| F|  |TAMS 0x0000000098200000, 0x0000000098200000| Untracked 
| 387|0x0000000098300000, 0x0000000098300000, 0x0000000098400000|  0%| F|  |TAMS 0x0000000098300000, 0x0000000098300000| Untracked 
| 388|0x0000000098400000, 0x0000000098400000, 0x0000000098500000|  0%| F|  |TAMS 0x0000000098400000, 0x0000000098400000| Untracked 
| 389|0x0000000098500000, 0x0000000098500000, 0x0000000098600000|  0%| F|  |TAMS 0x0000000098500000, 0x0000000098500000| Untracked 
| 390|0x0000000098600000, 0x0000000098600000, 0x0000000098700000|  0%| F|  |TAMS 0x0000000098600000, 0x0000000098600000| Untracked 
| 391|0x0000000098700000, 0x0000000098700000, 0x0000000098800000|  0%| F|  |TAMS 0x0000000098700000, 0x0000000098700000| Untracked 
| 392|0x0000000098800000, 0x0000000098800000, 0x0000000098900000|  0%| F|  |TAMS 0x0000000098800000, 0x0000000098800000| Untracked 
| 393|0x0000000098900000, 0x0000000098900000, 0x0000000098a00000|  0%| F|  |TAMS 0x0000000098900000, 0x0000000098900000| Untracked 
| 394|0x0000000098a00000, 0x0000000098a00000, 0x0000000098b00000|  0%| F|  |TAMS 0x0000000098a00000, 0x0000000098a00000| Untracked 
| 395|0x0000000098b00000, 0x0000000098b00000, 0x0000000098c00000|  0%| F|  |TAMS 0x0000000098b00000, 0x0000000098b00000| Untracked 
| 396|0x0000000098c00000, 0x0000000098c00000, 0x0000000098d00000|  0%| F|  |TAMS 0x0000000098c00000, 0x0000000098c00000| Untracked 
| 397|0x0000000098d00000, 0x0000000098d00000, 0x0000000098e00000|  0%| F|  |TAMS 0x0000000098d00000, 0x0000000098d00000| Untracked 

Card table byte_map: [0x0000028df4d10000,0x0000028df5110000] _byte_map_base: 0x0000028df4910000

Marking Bits (Prev, Next): (CMBitMap*) 0x0000028de222e770, (CMBitMap*) 0x0000028de222e738
 Prev Bits: [0x0000028df7510000, 0x0000028df9510000)
 Next Bits: [0x0000028df5510000, 0x0000028df7510000)

Polling page: 0x0000028de0180000

Metaspace:

Usage:
  Non-class:    126.72 MB capacity,   124.37 MB ( 98%) used,     1.91 MB (  2%) free+waste,   441.88 KB ( <1%) overhead. 
      Class:     18.73 MB capacity,    17.41 MB ( 93%) used,     1.13 MB (  6%) free+waste,   191.25 KB ( <1%) overhead. 
       Both:    145.45 MB capacity,   141.78 MB ( 97%) used,     3.05 MB (  2%) free+waste,   633.12 KB ( <1%) overhead. 

Virtual space:
  Non-class space:      128.00 MB reserved,     126.92 MB (>99%) committed 
      Class space:        1.00 GB reserved,      18.75 MB (  2%) committed 
             Both:        1.12 GB reserved,     145.67 MB ( 13%) committed 

Chunk freelists:
   Non-Class:  16.00 KB
       Class:  22.00 KB
        Both:  38.00 KB

MaxMetaspaceSize: 17179869184.00 GB
CompressedClassSpaceSize: 1.00 GB
Initial GC threshold: 20.80 MB
Current GC threshold: 242.37 MB
CDS: off

CodeHeap 'non-profiled nmethods': size=120064Kb used=14928Kb max_used=15312Kb free=105136Kb
 bounds [0x0000028ded7d0000, 0x0000028dee6d0000, 0x0000028df4d10000]
CodeHeap 'profiled nmethods': size=120000Kb used=43264Kb max_used=45040Kb free=76735Kb
 bounds [0x0000028de62a0000, 0x0000028de8eb0000, 0x0000028ded7d0000]
CodeHeap 'non-nmethods': size=5696Kb used=2519Kb max_used=2543Kb free=3176Kb
 bounds [0x0000028de5d10000, 0x0000028de5fb0000, 0x0000028de62a0000]
 total_blobs=20340 nmethods=19287 adapters=963
 compilation: enabled
              stopped_count=0, restarted_count=0
 full_count=0

Compilation events (20 events):
Event: 5690.585 Thread 0x0000028dfb919800 21702       2       com.android.tools.r8.internal.ny::a (160 bytes)
Event: 5690.586 Thread 0x0000028dfb919800 nmethod 21702 0x0000028de636ba10 code [0x0000028de636bbe0, 0x0000028de636bf78]
Event: 5690.633 Thread 0x0000028dfb919800 21704       2       com.android.tools.r8.graph.q0::h (62 bytes)
Event: 5690.634 Thread 0x0000028dfb919800 nmethod 21704 0x0000028de62b1590 code [0x0000028de62b1780, 0x0000028de62b1b68]
Event: 5690.634 Thread 0x0000028dfb919800 21705       2       com.android.tools.r8.internal.ao::a (71 bytes)
Event: 5690.638 Thread 0x0000028dfb919800 nmethod 21705 0x0000028de6724f10 code [0x0000028de67251a0, 0x0000028de67256b8]
Event: 5690.648 Thread 0x0000028dfb919800 21708 %     3       com.android.tools.r8.dex.i::k @ 15 (52 bytes)
Event: 5690.648 Thread 0x0000028dfb919800 nmethod 21708% 0x0000028de6325510 code [0x0000028de6325760, 0x0000028de6326088]
Event: 5690.720 Thread 0x0000028dfb914000 nmethod 21639% 0x0000028dede74910 code [0x0000028dede74d80, 0x0000028dede79db8]
Event: 5690.721 Thread 0x0000028dfb914000 21659       4       com.android.tools.r8.internal.rp::c (85 bytes)
Event: 5690.722 Thread 0x0000028dfb914000 nmethod 21659 0x0000028ded89fb10 code [0x0000028ded89fca0, 0x0000028ded89fd38]
Event: 5690.722 Thread 0x0000028dfb914000 21660       4       com.android.tools.r8.internal.rp::d (140 bytes)
Event: 5690.723 Thread 0x0000028dfb914000 nmethod 21660 0x0000028dede85890 code [0x0000028dede85a20, 0x0000028dede85ab8]
Event: 5690.723 Thread 0x0000028dfb914000 21670       4       com.android.tools.r8.internal.ny::a (215 bytes)
Event: 5690.775 Thread 0x0000028dfb914000 nmethod 21670 0x0000028dedf3ba90 code [0x0000028dedf3bca0, 0x0000028dedf3ccd8]
Event: 5690.775 Thread 0x0000028dfb914000 21699   !   4       com.android.tools.r8.graph.e1::t0 (91 bytes)
Event: 5690.810 Thread 0x0000028dfb914000 nmethod 21699 0x0000028dedc29390 code [0x0000028dedc29580, 0x0000028dedc2a3c8]
Event: 5690.810 Thread 0x0000028dfb914000 21682       4       com.android.tools.r8.dex.c::e (34 bytes)
Event: 5690.812 Thread 0x0000028dfb914000 nmethod 21682 0x0000028dede5a310 code [0x0000028dede5a4a0, 0x0000028dede5a5b8]
Event: 5690.812 Thread 0x0000028dfb914000 21658       4       com.android.tools.r8.dex.i::f (49 bytes)

GC Heap History (20 events):
Event: 5580.260 GC heap after
{Heap after GC invocations=153 (full 0):
 garbage-first heap   total 407552K, used 202374K [0x0000000080000000, 0x0000000100000000)
  region size 1024K, 5 young (5120K), 5 survivors (5120K)
 Metaspace       used 138665K, capacity 142188K, committed 142512K, reserved 1173504K
  class space    used 17017K, capacity 18323K, committed 18432K, reserved 1048576K
}
Event: 5624.912 GC heap before
{Heap before GC invocations=154 (full 0):
 garbage-first heap   total 407552K, used 289414K [0x0000000080000000, 0x0000000100000000)
  region size 1024K, 90 young (92160K), 5 survivors (5120K)
 Metaspace       used 142042K, capacity 145796K, committed 145968K, reserved 1177600K
  class space    used 17370K, capacity 18725K, committed 18816K, reserved 1048576K
}
Event: 5628.388 GC heap after
{Heap after GC invocations=155 (full 0):
 garbage-first heap   total 407552K, used 208498K [0x0000000080000000, 0x0000000100000000)
  region size 1024K, 9 young (9216K), 9 survivors (9216K)
 Metaspace       used 142042K, capacity 145796K, committed 145968K, reserved 1177600K
  class space    used 17370K, capacity 18725K, committed 18816K, reserved 1048576K
}
Event: 5633.470 GC heap before
{Heap before GC invocations=156 (full 0):
 garbage-first heap   total 407552K, used 210546K [0x0000000080000000, 0x0000000100000000)
  region size 1024K, 10 young (10240K), 9 survivors (9216K)
 Metaspace       used 142061K, capacity 145796K, committed 145968K, reserved 1177600K
  class space    used 17374K, capacity 18725K, committed 18816K, reserved 1048576K
}
Event: 5634.881 GC heap after
{Heap after GC invocations=157 (full 0):
 garbage-first heap   total 407552K, used 208668K [0x0000000080000000, 0x0000000100000000)
  region size 1024K, 1 young (1024K), 1 survivors (1024K)
 Metaspace       used 142061K, capacity 145796K, committed 145968K, reserved 1177600K
  class space    used 17374K, capacity 18725K, committed 18816K, reserved 1048576K
}
Event: 5636.534 GC heap before
{Heap before GC invocations=158 (full 0):
 garbage-first heap   total 407552K, used 209692K [0x0000000080000000, 0x0000000100000000)
  region size 1024K, 2 young (2048K), 1 survivors (1024K)
 Metaspace       used 142061K, capacity 145796K, committed 145968K, reserved 1177600K
  class space    used 17374K, capacity 18725K, committed 18816K, reserved 1048576K
}
Event: 5636.539 GC heap after
{Heap after GC invocations=159 (full 0):
 garbage-first heap   total 407552K, used 209062K [0x0000000080000000, 0x0000000100000000)
  region size 1024K, 1 young (1024K), 1 survivors (1024K)
 Metaspace       used 142061K, capacity 145796K, committed 145968K, reserved 1177600K
  class space    used 17374K, capacity 18725K, committed 18816K, reserved 1048576K
}
Event: 5660.327 GC heap before
{Heap before GC invocations=160 (full 0):
 garbage-first heap   total 407552K, used 211110K [0x0000000080000000, 0x0000000100000000)
  region size 1024K, 4 young (4096K), 1 survivors (1024K)
 Metaspace       used 142061K, capacity 145796K, committed 145968K, reserved 1177600K
  class space    used 17374K, capacity 18725K, committed 18816K, reserved 1048576K
}
Event: 5660.407 GC heap after
{Heap after GC invocations=161 (full 0):
 garbage-first heap   total 407552K, used 211614K [0x0000000080000000, 0x0000000100000000)
  region size 1024K, 2 young (2048K), 2 survivors (2048K)
 Metaspace       used 142061K, capacity 145796K, committed 145968K, reserved 1177600K
  class space    used 17374K, capacity 18725K, committed 18816K, reserved 1048576K
}
Event: 5667.139 GC heap before
{Heap before GC invocations=162 (full 0):
 garbage-first heap   total 407552K, used 213662K [0x0000000080000000, 0x0000000100000000)
  region size 1024K, 3 young (3072K), 2 survivors (2048K)
 Metaspace       used 142061K, capacity 145796K, committed 145968K, reserved 1177600K
  class space    used 17374K, capacity 18725K, committed 18816K, reserved 1048576K
}
Event: 5667.185 GC heap after
{Heap after GC invocations=163 (full 0):
 garbage-first heap   total 407552K, used 214256K [0x0000000080000000, 0x0000000100000000)
  region size 1024K, 1 young (1024K), 1 survivors (1024K)
 Metaspace       used 142061K, capacity 145796K, committed 145968K, reserved 1177600K
  class space    used 17374K, capacity 18725K, committed 18816K, reserved 1048576K
}
Event: 5668.459 GC heap before
{Heap before GC invocations=164 (full 0):
 garbage-first heap   total 407552K, used 216304K [0x0000000080000000, 0x0000000100000000)
  region size 1024K, 2 young (2048K), 1 survivors (1024K)
 Metaspace       used 142061K, capacity 145796K, committed 145968K, reserved 1177600K
  class space    used 17374K, capacity 18725K, committed 18816K, reserved 1048576K
}
Event: 5668.472 GC heap after
{Heap after GC invocations=165 (full 0):
 garbage-first heap   total 407552K, used 216371K [0x0000000080000000, 0x0000000100000000)
  region size 1024K, 1 young (1024K), 1 survivors (1024K)
 Metaspace       used 142061K, capacity 145796K, committed 145968K, reserved 1177600K
  class space    used 17374K, capacity 18725K, committed 18816K, reserved 1048576K
}
Event: 5675.620 GC heap before
{Heap before GC invocations=166 (full 0):
 garbage-first heap   total 407552K, used 228659K [0x0000000080000000, 0x0000000100000000)
  region size 1024K, 12 young (12288K), 1 survivors (1024K)
 Metaspace       used 144581K, capacity 148305K, committed 148528K, reserved 1179648K
  class space    used 17728K, capacity 19072K, committed 19072K, reserved 1048576K
}
Event: 5676.381 GC heap after
{Heap after GC invocations=167 (full 0):
 garbage-first heap   total 407552K, used 220894K [0x0000000080000000, 0x0000000100000000)
  region size 1024K, 2 young (2048K), 2 survivors (2048K)
 Metaspace       used 144581K, capacity 148305K, committed 148528K, reserved 1179648K
  class space    used 17728K, capacity 19072K, committed 19072K, reserved 1048576K
}
Event: 5685.401 GC heap before
{Heap before GC invocations=168 (full 0):
 garbage-first heap   total 407552K, used 243422K [0x0000000080000000, 0x0000000100000000)
  region size 1024K, 12 young (12288K), 2 survivors (2048K)
 Metaspace       used 144911K, capacity 148642K, committed 148912K, reserved 1179648K
  class space    used 17782K, capacity 19144K, committed 19200K, reserved 1048576K
}
Event: 5685.629 GC heap after
{Heap after GC invocations=169 (full 0):
 garbage-first heap   total 407552K, used 230032K [0x0000000080000000, 0x0000000100000000)
  region size 1024K, 3 young (3072K), 3 survivors (3072K)
 Metaspace       used 144911K, capacity 148642K, committed 148912K, reserved 1179648K
  class space    used 17782K, capacity 19144K, committed 19200K, reserved 1048576K
}
Event: 5689.873 GC heap before
{Heap before GC invocations=170 (full 0):
 garbage-first heap   total 407552K, used 259728K [0x0000000080000000, 0x0000000100000000)
  region size 1024K, 19 young (19456K), 3 survivors (3072K)
 Metaspace       used 145183K, capacity 148938K, committed 149168K, reserved 1179648K
  class space    used 17825K, capacity 19178K, committed 19200K, reserved 1048576K
}
Event: 5690.284 GC heap after
{Heap after GC invocations=171 (full 0):
 garbage-first heap   total 407552K, used 241465K [0x0000000080000000, 0x0000000100000000)
  region size 1024K, 3 young (3072K), 3 survivors (3072K)
 Metaspace       used 145183K, capacity 148938K, committed 149168K, reserved 1179648K
  class space    used 17825K, capacity 19178K, committed 19200K, reserved 1048576K
}
Event: 5690.815 GC heap before
{Heap before GC invocations=171 (full 0):
 garbage-first heap   total 407552K, used 256825K [0x0000000080000000, 0x0000000100000000)
  region size 1024K, 19 young (19456K), 3 survivors (3072K)
 Metaspace       used 145184K, capacity 148938K, committed 149168K, reserved 1179648K
  class space    used 17825K, capacity 19178K, committed 19200K, reserved 1048576K
}

Deoptimization events (20 events):
Event: 5689.131 Thread 0x0000028dfe21f800 DEOPT PACKING pc=0x0000028de8e48e7e sp=0x0000008ef2bfd8a0
Event: 5689.131 Thread 0x0000028dfe21f800 DEOPT UNPACKING pc=0x0000028de5d5a93f sp=0x0000008ef2bfcd18 mode 0
Event: 5689.134 Thread 0x0000028dfe21f800 DEOPT PACKING pc=0x0000028de8e48e7e sp=0x0000008ef2bfd8a0
Event: 5689.134 Thread 0x0000028dfe21f800 DEOPT UNPACKING pc=0x0000028de5d5a93f sp=0x0000008ef2bfcd18 mode 0
Event: 5689.136 Thread 0x0000028dfe21f800 DEOPT PACKING pc=0x0000028de8e48e7e sp=0x0000008ef2bfd8a0
Event: 5689.136 Thread 0x0000028dfe21f800 DEOPT UNPACKING pc=0x0000028de5d5a93f sp=0x0000008ef2bfcd18 mode 0
Event: 5689.139 Thread 0x0000028dfe21f800 DEOPT PACKING pc=0x0000028de8e48e7e sp=0x0000008ef2bfd8a0
Event: 5689.139 Thread 0x0000028dfe21f800 DEOPT UNPACKING pc=0x0000028de5d5a93f sp=0x0000008ef2bfcd18 mode 0
Event: 5689.153 Thread 0x0000028dfe21f800 DEOPT PACKING pc=0x0000028de8e48e7e sp=0x0000008ef2bfd8b0
Event: 5689.153 Thread 0x0000028dfe21f800 DEOPT UNPACKING pc=0x0000028de5d5a93f sp=0x0000008ef2bfcd28 mode 0
Event: 5689.157 Thread 0x0000028dfe21f800 DEOPT PACKING pc=0x0000028de8e48e7e sp=0x0000008ef2bfd8b0
Event: 5689.157 Thread 0x0000028dfe21f800 DEOPT UNPACKING pc=0x0000028de5d5a93f sp=0x0000008ef2bfcd28 mode 0
Event: 5689.340 Thread 0x0000028dfe21f800 Uncommon trap: trap_request=0xffffff4d fr.pc=0x0000028dee6c32b0 relative=0x0000000000000090
Event: 5689.340 Thread 0x0000028dfe21f800 Uncommon trap: reason=unstable_if action=reinterpret pc=0x0000028dee6c32b0 method=com.android.tools.r8.internal.rp.d(I)Z @ 45 c2
Event: 5689.340 Thread 0x0000028dfe21f800 DEOPT PACKING pc=0x0000028dee6c32b0 sp=0x0000008ef2bfd920
Event: 5689.340 Thread 0x0000028dfe21f800 DEOPT UNPACKING pc=0x0000028de5d5a1a9 sp=0x0000008ef2bfd850 mode 2
Event: 5689.340 Thread 0x0000028dfe21f800 Uncommon trap: trap_request=0xffffff4d fr.pc=0x0000028dee6c35a4 relative=0x0000000000000084
Event: 5689.340 Thread 0x0000028dfe21f800 Uncommon trap: reason=unstable_if action=reinterpret pc=0x0000028dee6c35a4 method=com.android.tools.r8.internal.rp.d(I)Z @ 45 c2
Event: 5689.340 Thread 0x0000028dfe21f800 DEOPT PACKING pc=0x0000028dee6c35a4 sp=0x0000008ef2bfd8b0
Event: 5689.340 Thread 0x0000028dfe21f800 DEOPT UNPACKING pc=0x0000028de5d5a1a9 sp=0x0000008ef2bfd848 mode 2

Classes redefined (0 events):
No events

Internal exceptions (20 events):
Event: 5579.783 Thread 0x0000028dfe215000 Exception <a 'java/lang/NoSuchMethodError'{0x00000000935cb460}: 'void java.lang.invoke.DirectMethodHandle$Holder.invokeVirtual(java.lang.Object, java.lang.Object, java.lang.Object, java.lang.Object)'> (0x00000000935cb460) thrown at [src/hotspot/share/interpreter/linkResolver.cpp, line 773]
Event: 5580.449 Thread 0x0000028dfe215000 Exception <a 'sun/nio/fs/WindowsException'{0x0000000098a8ce88}> (0x0000000098a8ce88) thrown at [src/hotspot/share/prims/jni.cpp, line 617]
Event: 5580.450 Thread 0x0000028dfe215000 Exception <a 'sun/nio/fs/WindowsException'{0x0000000098a8cf68}> (0x0000000098a8cf68) thrown at [src/hotspot/share/prims/jni.cpp, line 617]
Event: 5580.842 Thread 0x0000028dfe215000 Implicit null exception at 0x0000028dee5f0100 to 0x0000028dee5f07bc
Event: 5584.092 Thread 0x0000028dfe215000 Implicit null exception at 0x0000028dee60af30 to 0x0000028dee60b500
Event: 5589.608 Thread 0x0000028dfe215000 Exception <a 'sun/nio/fs/WindowsException'{0x0000000096ad3f38}> (0x0000000096ad3f38) thrown at [src/hotspot/share/prims/jni.cpp, line 617]
Event: 5589.609 Thread 0x0000028dfe215000 Exception <a 'sun/nio/fs/WindowsException'{0x0000000096ad4778}> (0x0000000096ad4778) thrown at [src/hotspot/share/prims/jni.cpp, line 617]
Event: 5589.609 Thread 0x0000028dfe215000 Exception <a 'sun/nio/fs/WindowsException'{0x0000000096ad5c30}> (0x0000000096ad5c30) thrown at [src/hotspot/share/prims/jni.cpp, line 617]
Event: 5589.609 Thread 0x0000028dfe215000 Exception <a 'sun/nio/fs/WindowsException'{0x0000000096ad7098}> (0x0000000096ad7098) thrown at [src/hotspot/share/prims/jni.cpp, line 617]
Event: 5589.610 Thread 0x0000028dfe215000 Exception <a 'sun/nio/fs/WindowsException'{0x0000000096ad8508}> (0x0000000096ad8508) thrown at [src/hotspot/share/prims/jni.cpp, line 617]
Event: 5589.610 Thread 0x0000028dfe215000 Exception <a 'sun/nio/fs/WindowsException'{0x0000000096ad8638}> (0x0000000096ad8638) thrown at [src/hotspot/share/prims/jni.cpp, line 617]
Event: 5589.610 Thread 0x0000028dfe215000 Exception <a 'sun/nio/fs/WindowsException'{0x0000000096adad58}> (0x0000000096adad58) thrown at [src/hotspot/share/prims/jni.cpp, line 617]
Event: 5589.610 Thread 0x0000028dfe215000 Exception <a 'sun/nio/fs/WindowsException'{0x0000000096adae78}> (0x0000000096adae78) thrown at [src/hotspot/share/prims/jni.cpp, line 617]
Event: 5589.610 Thread 0x0000028dfe215000 Exception <a 'sun/nio/fs/WindowsException'{0x0000000096add588}> (0x0000000096add588) thrown at [src/hotspot/share/prims/jni.cpp, line 617]
Event: 5589.645 Thread 0x0000028dfe215000 Exception <a 'sun/nio/fs/WindowsException'{0x0000000096701cc8}> (0x0000000096701cc8) thrown at [src/hotspot/share/prims/jni.cpp, line 617]
Event: 5589.663 Thread 0x0000028dfe215000 Exception <a 'sun/nio/fs/WindowsException'{0x00000000967190e8}> (0x00000000967190e8) thrown at [src/hotspot/share/prims/jni.cpp, line 617]
Event: 5602.254 Thread 0x0000028dfe88c000 Exception <a 'java/lang/NoSuchMethodError'{0x0000000094cbbb20}: <clinit>> (0x0000000094cbbb20) thrown at [src/hotspot/share/prims/jni.cpp, line 1367]
Event: 5669.851 Thread 0x0000028dfe21f800 Exception <a 'sun/nio/fs/WindowsException'{0x0000000098a43960}> (0x0000000098a43960) thrown at [src/hotspot/share/prims/jni.cpp, line 617]
Event: 5672.829 Thread 0x0000028dfe21f800 Exception <a 'java/lang/NoSuchMethodError'{0x000000009882be48}: 'java.lang.Object java.lang.invoke.DirectMethodHandle$Holder.newInvokeSpecial(java.lang.Object, int)'> (0x000000009882be48) thrown at [src/hotspot/share/interpreter/linkResolver.cpp, line 773]
Event: 5677.208 Thread 0x0000028dfe21f800 Exception <a 'java/lang/NoSuchMethodError'{0x0000000098def0e8}: 'java.lang.Object java.lang.invoke.DirectMethodHandle$Holder.invokeStaticInit(java.lang.Object, java.lang.Object, java.lang.Object, java.lang.Object, java.lang.Object, java.lang.Object, java.lang.Object, java.lang.Object, java.lang.Object, java.lang.Object, java.lang.Object, java.lang.Object, java.lang.Object, java.lang.Object, java.lang.Object, java.lang.Object, java.lang.Object, java.lang.Object, java.lang.Object, int, java.lang.Object, java

Events (20 events):
Event: 5690.805 Thread 0x0000028dfc28b800 flushing nmethod 0x0000028de7421690
Event: 5690.808 Thread 0x0000028dfc28b800 flushing nmethod 0x0000028de744bf90
Event: 5690.808 Thread 0x0000028dfc28b800 flushing nmethod 0x0000028de744c890
Event: 5690.809 Thread 0x0000028dfc28b800 flushing nmethod 0x0000028de7485810
Event: 5690.809 Thread 0x0000028dfc28b800 flushing nmethod 0x0000028de748e110
Event: 5690.809 Thread 0x0000028dfc28b800 flushing nmethod 0x0000028de748fe10
Event: 5690.809 Thread 0x0000028dfc28b800 flushing nmethod 0x0000028de7490710
Event: 5690.809 Thread 0x0000028dfc28b800 flushing nmethod 0x0000028de7495210
Event: 5690.810 Thread 0x0000028dfc28b800 flushing nmethod 0x0000028de74b1210
Event: 5690.810 Thread 0x0000028dfc28b800 flushing nmethod 0x0000028de74b6090
Event: 5690.810 Thread 0x0000028dfc28b800 flushing nmethod 0x0000028de74b7d90
Event: 5690.810 Thread 0x0000028dfc28b800 flushing nmethod 0x0000028de74c4590
Event: 5690.811 Thread 0x0000028dfc28b800 flushing nmethod 0x0000028de74cef90
Event: 5690.811 Thread 0x0000028dfc28b800 flushing nmethod 0x0000028de74cf310
Event: 5690.811 Thread 0x0000028dfc28b800 flushing nmethod 0x0000028de74d1e10
Event: 5690.811 Thread 0x0000028dfc28b800 flushing nmethod 0x0000028de74e3590
Event: 5690.811 Thread 0x0000028dfc28b800 flushing nmethod 0x0000028de74e7b10
Event: 5690.812 Thread 0x0000028dfc28b800 flushing nmethod 0x0000028de74f8a10
Event: 5690.813 Thread 0x0000028dfc28b800 flushing nmethod 0x0000028de7532490
Event: 5690.815 Executing VM operation: G1CollectForAllocation


Dynamic libraries:
0x00007ff6e3ed0000 - 0x00007ff6e3eda000 	D:\ANDROID STUDIO\jbr\bin\java.exe
0x00007ffce79d0000 - 0x00007ffce7be4000 	C:\WINDOWS\SYSTEM32\ntdll.dll
0x00007ffce57e0000 - 0x00007ffce58a2000 	C:\WINDOWS\System32\KERNEL32.DLL
0x00007ffce4f60000 - 0x00007ffce52fc000 	C:\WINDOWS\System32\KERNELBASE.dll
0x00007ffce5650000 - 0x00007ffce5761000 	C:\WINDOWS\System32\ucrtbase.dll
0x00007ffcceaf0000 - 0x00007ffcceb07000 	D:\ANDROID STUDIO\jbr\bin\jli.dll
0x00007ffce5b10000 - 0x00007ffce5cbb000 	C:\WINDOWS\System32\USER32.dll
0x00007ffce4f30000 - 0x00007ffce4f56000 	C:\WINDOWS\System32\win32u.dll
0x00007ffce69f0000 - 0x00007ffce6a19000 	C:\WINDOWS\System32\GDI32.dll
0x00007ffce5470000 - 0x00007ffce5583000 	C:\WINDOWS\System32\gdi32full.dll
0x00007ffce4e90000 - 0x00007ffce4f2a000 	C:\WINDOWS\System32\msvcp_win.dll
0x00007ffcca1f0000 - 0x00007ffcca20b000 	D:\ANDROID STUDIO\jbr\bin\VCRUNTIME140.dll
0x00007ffcd1190000 - 0x00007ffcd141e000 	C:\WINDOWS\WinSxS\amd64_microsoft.windows.common-controls_6595b64144ccf1df_6.0.22621.608_none_a9444ca7c10bb01d\COMCTL32.dll
0x00007ffce65c0000 - 0x00007ffce6667000 	C:\WINDOWS\System32\msvcrt.dll
0x00007ffce66d0000 - 0x00007ffce6701000 	C:\WINDOWS\System32\IMM32.DLL
0x00007ffccef70000 - 0x00007ffccef7c000 	D:\ANDROID STUDIO\jbr\bin\vcruntime140_1.dll
0x00007ffcb1b50000 - 0x00007ffcb1bdd000 	D:\ANDROID STUDIO\jbr\bin\msvcp140.dll
0x00007ffc7bcb0000 - 0x00007ffc7c86c000 	D:\ANDROID STUDIO\jbr\bin\server\jvm.dll
0x00007ffce58b0000 - 0x00007ffce595e000 	C:\WINDOWS\System32\ADVAPI32.dll
0x00007ffce6ba0000 - 0x00007ffce6c44000 	C:\WINDOWS\System32\sechost.dll
0x00007ffce7210000 - 0x00007ffce7327000 	C:\WINDOWS\System32\RPCRT4.dll
0x00007ffce7330000 - 0x00007ffce7338000 	C:\WINDOWS\System32\PSAPI.DLL
0x00007ffcd5410000 - 0x00007ffcd5419000 	C:\WINDOWS\SYSTEM32\WSOCK32.dll
0x00007ffce5cc0000 - 0x00007ffce5d31000 	C:\WINDOWS\System32\WS2_32.dll
0x00007ffcddc60000 - 0x00007ffcddc94000 	C:\WINDOWS\SYSTEM32\WINMM.dll
0x00007ffcdcea0000 - 0x00007ffcdceaa000 	C:\WINDOWS\SYSTEM32\VERSION.dll
0x00007ffce3e60000 - 0x00007ffce3e78000 	C:\WINDOWS\SYSTEM32\kernel.appcore.dll
0x00007ffcd1fd0000 - 0x00007ffcd1fe0000 	D:\ANDROID STUDIO\jbr\bin\verify.dll
0x00007ffce2910000 - 0x00007ffce2b3e000 	C:\WINDOWS\SYSTEM32\DBGHELP.DLL
0x00007ffce6ce0000 - 0x00007ffce7069000 	C:\WINDOWS\System32\combase.dll
0x00007ffce6a40000 - 0x00007ffce6b17000 	C:\WINDOWS\System32\OLEAUT32.dll
0x00007ffccc9f0000 - 0x00007ffccca22000 	C:\WINDOWS\SYSTEM32\dbgcore.DLL
0x00007ffce4e10000 - 0x00007ffce4e8b000 	C:\WINDOWS\System32\bcryptPrimitives.dll
0x00007ffc80460000 - 0x00007ffc80488000 	D:\ANDROID STUDIO\jbr\bin\java.dll
0x00007ffcd1a80000 - 0x00007ffcd1a8a000 	D:\ANDROID STUDIO\jbr\bin\jimage.dll
0x00007ffcb2650000 - 0x00007ffcb2668000 	D:\ANDROID STUDIO\jbr\bin\zip.dll
0x00007ffce5dd0000 - 0x00007ffce65c0000 	C:\WINDOWS\System32\SHELL32.dll
0x00007ffce2e20000 - 0x00007ffce36ed000 	C:\WINDOWS\SYSTEM32\windows.storage.dll
0x00007ffce2bd0000 - 0x00007ffce2d0e000 	C:\WINDOWS\SYSTEM32\wintypes.dll
0x00007ffce7810000 - 0x00007ffce7901000 	C:\WINDOWS\System32\SHCORE.dll
0x00007ffce7930000 - 0x00007ffce798e000 	C:\WINDOWS\System32\shlwapi.dll
0x00007ffce4d40000 - 0x00007ffce4d61000 	C:\WINDOWS\SYSTEM32\profapi.dll
0x00007ffca1df0000 - 0x00007ffca1e09000 	D:\ANDROID STUDIO\jbr\bin\net.dll
0x00007ffcdd1f0000 - 0x00007ffcdd327000 	C:\WINDOWS\SYSTEM32\WINHTTP.dll
0x00007ffce42d0000 - 0x00007ffce4339000 	C:\WINDOWS\system32\mswsock.dll
0x00007ffc855e0000 - 0x00007ffc855f3000 	D:\ANDROID STUDIO\jbr\bin\nio.dll
0x00007ffcb0cd0000 - 0x00007ffcb0cf7000 	C:\Users\ASUS\.gradle\native\e1d6ef7f7dcc3fd88c89a11ec53ec762bb8ba0a96d01ffa2cd45eb1d1d8dd5c5\windows-amd64\native-platform.dll
0x00007ffcaad10000 - 0x00007ffcaae54000 	C:\Users\ASUS\.gradle\native\0d407fdbe67a94daf76414ababcb853783967236a71b16ec16e742cd7a986fd3\windows-amd64\native-platform-file-events.dll
0x00007ffcd1810000 - 0x00007ffcd181a000 	D:\ANDROID STUDIO\jbr\bin\management.dll
0x00007ffcd1110000 - 0x00007ffcd111b000 	D:\ANDROID STUDIO\jbr\bin\management_ext.dll
0x00007ffce4540000 - 0x00007ffce455b000 	C:\WINDOWS\SYSTEM32\CRYPTSP.dll
0x00007ffce3dd0000 - 0x00007ffce3e05000 	C:\WINDOWS\system32\rsaenh.dll
0x00007ffce43d0000 - 0x00007ffce43f8000 	C:\WINDOWS\SYSTEM32\USERENV.dll
0x00007ffce46f0000 - 0x00007ffce4718000 	C:\WINDOWS\SYSTEM32\bcrypt.dll
0x00007ffce4530000 - 0x00007ffce453c000 	C:\WINDOWS\SYSTEM32\CRYPTBASE.dll
0x00007ffce39d0000 - 0x00007ffce39fd000 	C:\WINDOWS\SYSTEM32\IPHLPAPI.DLL
0x00007ffce6c50000 - 0x00007ffce6c59000 	C:\WINDOWS\System32\NSI.dll
0x00007ffcdd140000 - 0x00007ffcdd159000 	C:\WINDOWS\SYSTEM32\dhcpcsvc6.DLL
0x00007ffcdd120000 - 0x00007ffcdd13f000 	C:\WINDOWS\SYSTEM32\dhcpcsvc.DLL
0x00007ffce3a00000 - 0x00007ffce3af3000 	C:\WINDOWS\SYSTEM32\DNSAPI.dll
0x00007ffcc23d0000 - 0x00007ffcc23f7000 	D:\ANDROID STUDIO\jbr\bin\sunec.dll
0x00007ffcd8cd0000 - 0x00007ffcd8cda000 	C:\Windows\System32\rasadhlp.dll
0x00007ffcdb280000 - 0x00007ffcdb303000 	C:\WINDOWS\System32\fwpuclnt.dll
0x00007ffce3e80000 - 0x00007ffce3eb4000 	C:\WINDOWS\SYSTEM32\ntmarta.dll

dbghelp: loaded successfully - version: 4.0.5 - missing functions: none
symbol engine: initialized successfully - sym options: 0x614 - pdb path: .;D:\ANDROID STUDIO\jbr\bin;C:\WINDOWS\SYSTEM32;C:\WINDOWS\WinSxS\amd64_microsoft.windows.common-controls_6595b64144ccf1df_6.0.22621.608_none_a9444ca7c10bb01d;D:\ANDROID STUDIO\jbr\bin\server;C:\Users\ASUS\.gradle\native\e1d6ef7f7dcc3fd88c89a11ec53ec762bb8ba0a96d01ffa2cd45eb1d1d8dd5c5\windows-amd64;C:\Users\ASUS\.gradle\native\0d407fdbe67a94daf76414ababcb853783967236a71b16ec16e742cd7a986fd3\windows-amd64

VM Arguments:
jvm_args: --add-opens=java.base/java.util=ALL-UNNAMED --add-opens=java.base/java.lang=ALL-UNNAMED --add-opens=java.base/java.lang.invoke=ALL-UNNAMED --add-opens=java.base/java.util=ALL-UNNAMED --add-opens=java.prefs/java.util.prefs=ALL-UNNAMED --add-opens=java.prefs/java.util.prefs=ALL-UNNAMED --add-opens=java.base/java.nio.charset=ALL-UNNAMED --add-opens=java.base/java.net=ALL-UNNAMED --add-opens=java.base/java.util.concurrent.atomic=ALL-UNNAMED -Xmx2048m -Dfile.encoding=UTF-8 -Duser.country=ID -Duser.language=en -Duser.variant 
java_command: org.gradle.launcher.daemon.bootstrap.GradleDaemon 7.5
java_class_path (initial): C:\Users\ASUS\.gradle\wrapper\dists\gradle-7.5-bin\f1w0cc9nuo0eivz97x2xlu9sv\gradle-7.5\lib\gradle-launcher-7.5.jar
Launcher Type: SUN_STANDARD

[Global flags]
     intx CICompilerCount                          = 2                                         {product} {ergonomic}
     uint ConcGCThreads                            = 1                                         {product} {ergonomic}
     uint G1ConcRefinementThreads                  = 2                                         {product} {ergonomic}
   size_t G1HeapRegionSize                         = 1048576                                   {product} {ergonomic}
    uintx GCDrainStackTargetSize                   = 64                                        {product} {ergonomic}
   size_t InitialHeapSize                          = 65011712                                  {product} {ergonomic}
   size_t MarkStackSize                            = 4194304                                   {product} {ergonomic}
   size_t MaxHeapSize                              = 2147483648                                {product} {command line}
   size_t MaxNewSize                               = 1287651328                                {product} {ergonomic}
   size_t MinHeapDeltaBytes                        = 1048576                                   {product} {ergonomic}
    uintx NonNMethodCodeHeapSize                   = 5825164                                {pd product} {ergonomic}
    uintx NonProfiledCodeHeapSize                  = 122916538                              {pd product} {ergonomic}
    uintx ProfiledCodeHeapSize                     = 122916538                              {pd product} {ergonomic}
    uintx ReservedCodeCacheSize                    = 251658240                              {pd product} {ergonomic}
     bool SegmentedCodeCache                       = true                                      {product} {ergonomic}
     bool UseCompressedClassPointers               = true                                 {lp64_product} {ergonomic}
     bool UseCompressedOops                        = true                                 {lp64_product} {ergonomic}
     bool UseG1GC                                  = true                                      {product} {ergonomic}
     bool UseLargePagesIndividualAllocation        = false                                  {pd product} {ergonomic}

Logging:
Log output configuration:
 #0: stdout all=warning uptime,level,tags
 #1: stderr all=off uptime,level,tags

Environment Variables:
PATH=C:\ProgramData\Oracle\Java\javapath;C:\WINDOWS\system32;C:\WINDOWS;C:\WINDOWS\System32\Wbem;C:\WINDOWS\System32\WindowsPowerShell\v1.0\;C:\WINDOWS\System32\OpenSSH\;C:\Program Files (x86)\Git\cmd;C:\Users\ASUS\AppData\Local\Microsoft\WindowsApps;
USERNAME=ASUS
OS=Windows_NT
PROCESSOR_IDENTIFIER=Intel64 Family 6 Model 122 Stepping 8, GenuineIntel



---------------  S Y S T E M  ---------------

OS: Windows 11 , 64 bit Build 22621 (10.0.22621.1485)
OS uptime: 2 days 5:13 hours

CPU:total 2 (initial active 2) (2 cores per cpu, 1 threads per core) family 6 model 122 stepping 8 microcode 0x18, cmov, cx8, fxsr, mmx, sse, sse2, sse3, ssse3, sse4.1, sse4.2, popcnt, aes, clmul, erms, 3dnowpref, tsc, tscinvbit, sha

Memory: 4k page, system-wide physical 3918M (17M free)
TotalPageFile size 10140M (AvailPageFile size 283M)
current process WorkingSet (physical memory assigned to process): 132M, peak: 425M
current process commit charge ("private bytes"): 783M, peak: 1144M

vm_info: OpenJDK 64-Bit Server VM (11.0.15+0-b2043.56-9505619) for windows-amd64 JRE (11.0.15+0-b2043.56-9505619), built on Jan 19 2023 02:48:00 by "builduser" with unknown MS VC++:1929

END.
